{"D:\\React\\lessons\\backend\\src\\services\\authService.js": {"path":"D:\\React\\lessons\\backend\\src\\services\\authService.js","statementMap":{"0":{"start":{"line":8,"column":29},"end":{"line":10,"column":10}},"1":{"start":{"line":12,"column":8},"end":{"line":14,"column":9}},"2":{"start":{"line":13,"column":12},"end":{"line":13,"column":66}},"3":{"start":{"line":17,"column":31},"end":{"line":17,"column":59}},"4":{"start":{"line":20,"column":21},"end":{"line":29,"column":10}},"5":{"start":{"line":31,"column":22},"end":{"line":31,"column":93}},"6":{"start":{"line":32,"column":8},"end":{"line":32,"column":24}},"7":{"start":{"line":36,"column":21},"end":{"line":38,"column":10}},"8":{"start":{"line":40,"column":8},"end":{"line":42,"column":9}},"9":{"start":{"line":41,"column":12},"end":{"line":41,"column":45}},"10":{"start":{"line":44,"column":32},"end":{"line":44,"column":75}},"11":{"start":{"line":46,"column":8},"end":{"line":48,"column":9}},"12":{"start":{"line":47,"column":12},"end":{"line":47,"column":47}},"13":{"start":{"line":50,"column":22},"end":{"line":50,"column":93}},"14":{"start":{"line":51,"column":8},"end":{"line":51,"column":24}}},"fnMap":{"0":{"name":"(anonymous_0)","decl":{"start":{"line":6,"column":4},"end":{"line":6,"column":5}},"loc":{"start":{"line":6,"column":86},"end":{"line":33,"column":5}},"line":6},"1":{"name":"(anonymous_1)","decl":{"start":{"line":35,"column":4},"end":{"line":35,"column":5}},"loc":{"start":{"line":35,"column":33},"end":{"line":52,"column":5}},"line":35}},"branchMap":{"0":{"loc":{"start":{"line":6,"column":69},"end":{"line":6,"column":84}},"type":"default-arg","locations":[{"start":{"line":6,"column":76},"end":{"line":6,"column":84}}],"line":6},"1":{"loc":{"start":{"line":12,"column":8},"end":{"line":14,"column":9}},"type":"if","locations":[{"start":{"line":12,"column":8},"end":{"line":14,"column":9}},{"start":{},"end":{}}],"line":12},"2":{"loc":{"start":{"line":40,"column":8},"end":{"line":42,"column":9}},"type":"if","locations":[{"start":{"line":40,"column":8},"end":{"line":42,"column":9}},{"start":{},"end":{}}],"line":40},"3":{"loc":{"start":{"line":46,"column":8},"end":{"line":48,"column":9}},"type":"if","locations":[{"start":{"line":46,"column":8},"end":{"line":48,"column":9}},{"start":{},"end":{}}],"line":46}},"s":{"0":2,"1":2,"2":1,"3":1,"4":1,"5":1,"6":1,"7":3,"8":3,"9":1,"10":2,"11":2,"12":1,"13":1,"14":1},"f":{"0":2,"1":3},"b":{"0":[2],"1":[1,1],"2":[1,2],"3":[1,1]},"_coverageSchema":"1a1c01bbd47fc00a2c39e90264f33305004495a9","hash":"cfa1f42108c4965b8be2aa05b1bd65a3df94f661"}
,"D:\\React\\lessons\\backend\\src\\services\\bookingService.js": {"path":"D:\\React\\lessons\\backend\\src\\services\\bookingService.js","statementMap":{"0":{"start":{"line":7,"column":25},"end":{"line":19,"column":10}},"1":{"start":{"line":20,"column":8},"end":{"line":20,"column":23}},"2":{"start":{"line":24,"column":24},"end":{"line":43,"column":10}},"3":{"start":{"line":45,"column":8},"end":{"line":47,"column":9}},"4":{"start":{"line":46,"column":12},"end":{"line":46,"column":48}},"5":{"start":{"line":49,"column":8},"end":{"line":51,"column":9}},"6":{"start":{"line":50,"column":12},"end":{"line":50,"column":44}},"7":{"start":{"line":53,"column":8},"end":{"line":53,"column":22}},"8":{"start":{"line":66,"column":12},"end":{"line":66,"column":23}},"9":{"start":{"line":69,"column":28},"end":{"line":71,"column":10}},"10":{"start":{"line":73,"column":8},"end":{"line":75,"column":9}},"11":{"start":{"line":74,"column":12},"end":{"line":74,"column":52}},"12":{"start":{"line":78,"column":32},"end":{"line":89,"column":10}},"13":{"start":{"line":91,"column":8},"end":{"line":100,"column":9}},"14":{"start":{"line":92,"column":12},"end":{"line":99,"column":13}},"15":{"start":{"line":104,"column":8},"end":{"line":109,"column":9}},"16":{"start":{"line":105,"column":24},"end":{"line":105,"column":72}},"17":{"start":{"line":105,"column":73},"end":{"line":105,"column":78}},"18":{"start":{"line":106,"column":25},"end":{"line":106,"column":74}},"19":{"start":{"line":106,"column":75},"end":{"line":106,"column":80}},"20":{"start":{"line":107,"column":26},"end":{"line":107,"column":76}},"21":{"start":{"line":107,"column":77},"end":{"line":107,"column":82}},"22":{"start":{"line":108,"column":21},"end":{"line":108,"column":68}},"23":{"start":{"line":111,"column":8},"end":{"line":113,"column":9}},"24":{"start":{"line":112,"column":12},"end":{"line":112,"column":101}},"25":{"start":{"line":116,"column":24},"end":{"line":125,"column":10}},"26":{"start":{"line":128,"column":24},"end":{"line":143,"column":10}},"27":{"start":{"line":145,"column":8},"end":{"line":149,"column":10}},"28":{"start":{"line":151,"column":8},"end":{"line":151,"column":22}},"29":{"start":{"line":156,"column":32},"end":{"line":159,"column":10}},"30":{"start":{"line":161,"column":8},"end":{"line":163,"column":9}},"31":{"start":{"line":162,"column":12},"end":{"line":162,"column":48}},"32":{"start":{"line":165,"column":8},"end":{"line":167,"column":9}},"33":{"start":{"line":166,"column":12},"end":{"line":166,"column":44}},"34":{"start":{"line":170,"column":24},"end":{"line":178,"column":10}},"35":{"start":{"line":181,"column":8},"end":{"line":186,"column":9}},"36":{"start":{"line":182,"column":12},"end":{"line":185,"column":14}},"37":{"start":{"line":188,"column":8},"end":{"line":188,"column":22}},"38":{"start":{"line":192,"column":24},"end":{"line":195,"column":10}},"39":{"start":{"line":197,"column":8},"end":{"line":199,"column":9}},"40":{"start":{"line":198,"column":12},"end":{"line":198,"column":47}},"41":{"start":{"line":200,"column":8},"end":{"line":202,"column":9}},"42":{"start":{"line":201,"column":12},"end":{"line":201,"column":43}},"43":{"start":{"line":205,"column":21},"end":{"line":205,"column":76}},"44":{"start":{"line":206,"column":26},"end":{"line":206,"column":74}},"45":{"start":{"line":207,"column":24},"end":{"line":207,"column":49}},"46":{"start":{"line":208,"column":8},"end":{"line":210,"column":9}},"47":{"start":{"line":209,"column":12},"end":{"line":209,"column":46}},"48":{"start":{"line":212,"column":20},"end":{"line":212,"column":30}},"49":{"start":{"line":213,"column":26},"end":{"line":213,"column":53}},"50":{"start":{"line":214,"column":24},"end":{"line":214,"column":49}},"51":{"start":{"line":217,"column":8},"end":{"line":219,"column":9}},"52":{"start":{"line":218,"column":12},"end":{"line":218,"column":70}},"53":{"start":{"line":221,"column":28},"end":{"line":221,"column":58}},"54":{"start":{"line":225,"column":8},"end":{"line":229,"column":9}},"55":{"start":{"line":226,"column":12},"end":{"line":226,"column":70}},"56":{"start":{"line":228,"column":12},"end":{"line":228,"column":47}},"57":{"start":{"line":231,"column":29},"end":{"line":231,"column":67}},"58":{"start":{"line":234,"column":8},"end":{"line":237,"column":11}},"59":{"start":{"line":240,"column":8},"end":{"line":248,"column":9}},"60":{"start":{"line":241,"column":12},"end":{"line":247,"column":15}},"61":{"start":{"line":251,"column":24},"end":{"line":255,"column":50}},"62":{"start":{"line":257,"column":8},"end":{"line":261,"column":10}},"63":{"start":{"line":265,"column":28},"end":{"line":267,"column":10}},"64":{"start":{"line":269,"column":8},"end":{"line":271,"column":9}},"65":{"start":{"line":270,"column":12},"end":{"line":270,"column":52}},"66":{"start":{"line":273,"column":26},"end":{"line":282,"column":9}},"67":{"start":{"line":284,"column":8},"end":{"line":286,"column":9}},"68":{"start":{"line":285,"column":12},"end":{"line":285,"column":54}},"69":{"start":{"line":288,"column":32},"end":{"line":290,"column":10}},"70":{"start":{"line":292,"column":28},"end":{"line":292,"column":44}},"71":{"start":{"line":294,"column":8},"end":{"line":307,"column":9}},"72":{"start":{"line":311,"column":28},"end":{"line":313,"column":10}},"73":{"start":{"line":315,"column":8},"end":{"line":317,"column":9}},"74":{"start":{"line":316,"column":12},"end":{"line":316,"column":52}},"75":{"start":{"line":321,"column":8},"end":{"line":330,"column":9}},"76":{"start":{"line":322,"column":12},"end":{"line":322,"column":53}},"77":{"start":{"line":324,"column":12},"end":{"line":329,"column":13}},"78":{"start":{"line":325,"column":28},"end":{"line":325,"column":68}},"79":{"start":{"line":325,"column":69},"end":{"line":325,"column":75}},"80":{"start":{"line":326,"column":29},"end":{"line":326,"column":70}},"81":{"start":{"line":326,"column":71},"end":{"line":326,"column":77}},"82":{"start":{"line":327,"column":30},"end":{"line":327,"column":72}},"83":{"start":{"line":327,"column":73},"end":{"line":327,"column":79}},"84":{"start":{"line":328,"column":25},"end":{"line":328,"column":65}},"85":{"start":{"line":332,"column":8},"end":{"line":335,"column":9}},"86":{"start":{"line":333,"column":12},"end":{"line":333,"column":101}},"87":{"start":{"line":334,"column":12},"end":{"line":334,"column":115}},"88":{"start":{"line":337,"column":26},"end":{"line":339,"column":10}},"89":{"start":{"line":341,"column":23},"end":{"line":341,"column":95}},"90":{"start":{"line":343,"column":8},"end":{"line":351,"column":10}},"91":{"start":{"line":355,"column":26},"end":{"line":358,"column":9}},"92":{"start":{"line":360,"column":8},"end":{"line":378,"column":9}},"93":{"start":{"line":361,"column":31},"end":{"line":361,"column":64}},"94":{"start":{"line":362,"column":29},"end":{"line":362,"column":62}},"95":{"start":{"line":364,"column":12},"end":{"line":377,"column":13}},"96":{"start":{"line":380,"column":25},"end":{"line":392,"column":10}},"97":{"start":{"line":394,"column":8},"end":{"line":394,"column":23}},"98":{"start":{"line":398,"column":26},"end":{"line":402,"column":9}},"99":{"start":{"line":404,"column":8},"end":{"line":422,"column":9}},"100":{"start":{"line":405,"column":26},"end":{"line":405,"column":64}},"101":{"start":{"line":406,"column":24},"end":{"line":406,"column":60}},"102":{"start":{"line":408,"column":12},"end":{"line":421,"column":13}},"103":{"start":{"line":424,"column":25},"end":{"line":437,"column":10}},"104":{"start":{"line":439,"column":8},"end":{"line":439,"column":23}},"105":{"start":{"line":443,"column":21},"end":{"line":445,"column":10}},"106":{"start":{"line":447,"column":8},"end":{"line":449,"column":9}},"107":{"start":{"line":448,"column":12},"end":{"line":448,"column":44}},"108":{"start":{"line":451,"column":25},"end":{"line":465,"column":10}},"109":{"start":{"line":467,"column":8},"end":{"line":467,"column":23}}},"fnMap":{"0":{"name":"(anonymous_0)","decl":{"start":{"line":6,"column":4},"end":{"line":6,"column":5}},"loc":{"start":{"line":6,"column":34},"end":{"line":21,"column":5}},"line":6},"1":{"name":"(anonymous_1)","decl":{"start":{"line":23,"column":4},"end":{"line":23,"column":5}},"loc":{"start":{"line":23,"column":37},"end":{"line":54,"column":5}},"line":23},"2":{"name":"(anonymous_2)","decl":{"start":{"line":56,"column":4},"end":{"line":56,"column":5}},"loc":{"start":{"line":56,"column":45},"end":{"line":152,"column":5}},"line":56},"3":{"name":"(anonymous_3)","decl":{"start":{"line":154,"column":4},"end":{"line":154,"column":5}},"loc":{"start":{"line":154,"column":50},"end":{"line":189,"column":5}},"line":154},"4":{"name":"(anonymous_4)","decl":{"start":{"line":191,"column":4},"end":{"line":191,"column":5}},"loc":{"start":{"line":191,"column":36},"end":{"line":262,"column":5}},"line":191},"5":{"name":"(anonymous_5)","decl":{"start":{"line":264,"column":4},"end":{"line":264,"column":5}},"loc":{"start":{"line":264,"column":81},"end":{"line":308,"column":5}},"line":264},"6":{"name":"(anonymous_6)","decl":{"start":{"line":310,"column":4},"end":{"line":310,"column":5}},"loc":{"start":{"line":310,"column":68},"end":{"line":352,"column":5}},"line":310},"7":{"name":"(anonymous_7)","decl":{"start":{"line":354,"column":4},"end":{"line":354,"column":5}},"loc":{"start":{"line":354,"column":62},"end":{"line":395,"column":5}},"line":354},"8":{"name":"(anonymous_8)","decl":{"start":{"line":397,"column":4},"end":{"line":397,"column":5}},"loc":{"start":{"line":397,"column":87},"end":{"line":440,"column":5}},"line":397},"9":{"name":"(anonymous_9)","decl":{"start":{"line":442,"column":4},"end":{"line":442,"column":5}},"loc":{"start":{"line":442,"column":41},"end":{"line":468,"column":5}},"line":442}},"branchMap":{"0":{"loc":{"start":{"line":45,"column":8},"end":{"line":47,"column":9}},"type":"if","locations":[{"start":{"line":45,"column":8},"end":{"line":47,"column":9}},{"start":{},"end":{}}],"line":45},"1":{"loc":{"start":{"line":49,"column":8},"end":{"line":51,"column":9}},"type":"if","locations":[{"start":{"line":49,"column":8},"end":{"line":51,"column":9}},{"start":{},"end":{}}],"line":49},"2":{"loc":{"start":{"line":64,"column":12},"end":{"line":64,"column":34}},"type":"default-arg","locations":[{"start":{"line":64,"column":33},"end":{"line":64,"column":34}}],"line":64},"3":{"loc":{"start":{"line":73,"column":8},"end":{"line":75,"column":9}},"type":"if","locations":[{"start":{"line":73,"column":8},"end":{"line":75,"column":9}},{"start":{},"end":{}}],"line":73},"4":{"loc":{"start":{"line":91,"column":8},"end":{"line":100,"column":9}},"type":"if","locations":[{"start":{"line":91,"column":8},"end":{"line":100,"column":9}},{"start":{},"end":{}}],"line":91},"5":{"loc":{"start":{"line":104,"column":8},"end":{"line":109,"column":9}},"type":"switch","locations":[{"start":{"line":105,"column":12},"end":{"line":105,"column":78}},{"start":{"line":106,"column":12},"end":{"line":106,"column":80}},{"start":{"line":107,"column":12},"end":{"line":107,"column":82}},{"start":{"line":108,"column":12},"end":{"line":108,"column":68}}],"line":104},"6":{"loc":{"start":{"line":111,"column":8},"end":{"line":113,"column":9}},"type":"if","locations":[{"start":{"line":111,"column":8},"end":{"line":113,"column":9}},{"start":{},"end":{}}],"line":111},"7":{"loc":{"start":{"line":161,"column":8},"end":{"line":163,"column":9}},"type":"if","locations":[{"start":{"line":161,"column":8},"end":{"line":163,"column":9}},{"start":{},"end":{}}],"line":161},"8":{"loc":{"start":{"line":165,"column":8},"end":{"line":167,"column":9}},"type":"if","locations":[{"start":{"line":165,"column":8},"end":{"line":167,"column":9}},{"start":{},"end":{}}],"line":165},"9":{"loc":{"start":{"line":181,"column":8},"end":{"line":186,"column":9}},"type":"if","locations":[{"start":{"line":181,"column":8},"end":{"line":186,"column":9}},{"start":{},"end":{}}],"line":181},"10":{"loc":{"start":{"line":181,"column":12},"end":{"line":181,"column":61}},"type":"binary-expr","locations":[{"start":{"line":181,"column":12},"end":{"line":181,"column":34}},{"start":{"line":181,"column":38},"end":{"line":181,"column":61}}],"line":181},"11":{"loc":{"start":{"line":197,"column":8},"end":{"line":199,"column":9}},"type":"if","locations":[{"start":{"line":197,"column":8},"end":{"line":199,"column":9}},{"start":{},"end":{}}],"line":197},"12":{"loc":{"start":{"line":200,"column":8},"end":{"line":202,"column":9}},"type":"if","locations":[{"start":{"line":200,"column":8},"end":{"line":202,"column":9}},{"start":{},"end":{}}],"line":200},"13":{"loc":{"start":{"line":206,"column":26},"end":{"line":206,"column":74}},"type":"binary-expr","locations":[{"start":{"line":206,"column":26},"end":{"line":206,"column":47}},{"start":{"line":206,"column":51},"end":{"line":206,"column":74}}],"line":206},"14":{"loc":{"start":{"line":208,"column":8},"end":{"line":210,"column":9}},"type":"if","locations":[{"start":{"line":208,"column":8},"end":{"line":210,"column":9}},{"start":{},"end":{}}],"line":208},"15":{"loc":{"start":{"line":208,"column":12},"end":{"line":208,"column":34}},"type":"binary-expr","locations":[{"start":{"line":208,"column":12},"end":{"line":208,"column":20}},{"start":{"line":208,"column":24},"end":{"line":208,"column":34}}],"line":208},"16":{"loc":{"start":{"line":217,"column":8},"end":{"line":219,"column":9}},"type":"if","locations":[{"start":{"line":217,"column":8},"end":{"line":219,"column":9}},{"start":{},"end":{}}],"line":217},"17":{"loc":{"start":{"line":221,"column":28},"end":{"line":221,"column":58}},"type":"cond-expr","locations":[{"start":{"line":221,"column":40},"end":{"line":221,"column":49}},{"start":{"line":221,"column":52},"end":{"line":221,"column":58}}],"line":221},"18":{"loc":{"start":{"line":231,"column":29},"end":{"line":231,"column":67}},"type":"binary-expr","locations":[{"start":{"line":231,"column":29},"end":{"line":231,"column":62}},{"start":{"line":231,"column":66},"end":{"line":231,"column":67}}],"line":231},"19":{"loc":{"start":{"line":240,"column":8},"end":{"line":248,"column":9}},"type":"if","locations":[{"start":{"line":240,"column":8},"end":{"line":248,"column":9}},{"start":{},"end":{}}],"line":240},"20":{"loc":{"start":{"line":244,"column":28},"end":{"line":244,"column":71}},"type":"cond-expr","locations":[{"start":{"line":244,"column":47},"end":{"line":244,"column":57}},{"start":{"line":244,"column":60},"end":{"line":244,"column":71}}],"line":244},"21":{"loc":{"start":{"line":245,"column":34},"end":{"line":245,"column":72}},"type":"cond-expr","locations":[{"start":{"line":245,"column":53},"end":{"line":245,"column":65}},{"start":{"line":245,"column":68},"end":{"line":245,"column":72}}],"line":245},"22":{"loc":{"start":{"line":251,"column":24},"end":{"line":255,"column":50}},"type":"cond-expr","locations":[{"start":{"line":252,"column":15},"end":{"line":254,"column":66}},{"start":{"line":255,"column":14},"end":{"line":255,"column":50}}],"line":251},"23":{"loc":{"start":{"line":252,"column":15},"end":{"line":254,"column":66}},"type":"cond-expr","locations":[{"start":{"line":253,"column":18},"end":{"line":253,"column":77}},{"start":{"line":254,"column":18},"end":{"line":254,"column":66}}],"line":252},"24":{"loc":{"start":{"line":269,"column":8},"end":{"line":271,"column":9}},"type":"if","locations":[{"start":{"line":269,"column":8},"end":{"line":271,"column":9}},{"start":{},"end":{}}],"line":269},"25":{"loc":{"start":{"line":284,"column":8},"end":{"line":286,"column":9}},"type":"if","locations":[{"start":{"line":284,"column":8},"end":{"line":286,"column":9}},{"start":{},"end":{}}],"line":284},"26":{"loc":{"start":{"line":302,"column":32},"end":{"line":306,"column":20}},"type":"cond-expr","locations":[{"start":{"line":302,"column":50},"end":{"line":306,"column":13}},{"start":{"line":306,"column":16},"end":{"line":306,"column":20}}],"line":302},"27":{"loc":{"start":{"line":315,"column":8},"end":{"line":317,"column":9}},"type":"if","locations":[{"start":{"line":315,"column":8},"end":{"line":317,"column":9}},{"start":{},"end":{}}],"line":315},"28":{"loc":{"start":{"line":321,"column":8},"end":{"line":330,"column":9}},"type":"if","locations":[{"start":{"line":321,"column":8},"end":{"line":330,"column":9}},{"start":{"line":323,"column":15},"end":{"line":330,"column":9}}],"line":321},"29":{"loc":{"start":{"line":321,"column":12},"end":{"line":321,"column":89}},"type":"binary-expr","locations":[{"start":{"line":321,"column":12},"end":{"line":321,"column":47}},{"start":{"line":321,"column":51},"end":{"line":321,"column":89}}],"line":321},"30":{"loc":{"start":{"line":324,"column":12},"end":{"line":329,"column":13}},"type":"switch","locations":[{"start":{"line":325,"column":16},"end":{"line":325,"column":75}},{"start":{"line":326,"column":16},"end":{"line":326,"column":77}},{"start":{"line":327,"column":16},"end":{"line":327,"column":79}},{"start":{"line":328,"column":16},"end":{"line":328,"column":65}}],"line":324},"31":{"loc":{"start":{"line":332,"column":8},"end":{"line":335,"column":9}},"type":"if","locations":[{"start":{"line":332,"column":8},"end":{"line":335,"column":9}},{"start":{},"end":{}}],"line":332},"32":{"loc":{"start":{"line":332,"column":12},"end":{"line":332,"column":40}},"type":"binary-expr","locations":[{"start":{"line":332,"column":12},"end":{"line":332,"column":22}},{"start":{"line":332,"column":26},"end":{"line":332,"column":40}}],"line":332},"33":{"loc":{"start":{"line":334,"column":24},"end":{"line":334,"column":114}},"type":"cond-expr","locations":[{"start":{"line":334,"column":104},"end":{"line":334,"column":108}},{"start":{"line":334,"column":111},"end":{"line":334,"column":114}}],"line":334},"34":{"loc":{"start":{"line":334,"column":24},"end":{"line":334,"column":101}},"type":"binary-expr","locations":[{"start":{"line":334,"column":24},"end":{"line":334,"column":59}},{"start":{"line":334,"column":63},"end":{"line":334,"column":101}}],"line":334},"35":{"loc":{"start":{"line":360,"column":8},"end":{"line":378,"column":9}},"type":"if","locations":[{"start":{"line":360,"column":8},"end":{"line":378,"column":9}},{"start":{},"end":{}}],"line":360},"36":{"loc":{"start":{"line":404,"column":8},"end":{"line":422,"column":9}},"type":"if","locations":[{"start":{"line":404,"column":8},"end":{"line":422,"column":9}},{"start":{},"end":{}}],"line":404},"37":{"loc":{"start":{"line":404,"column":12},"end":{"line":404,"column":32}},"type":"binary-expr","locations":[{"start":{"line":404,"column":12},"end":{"line":404,"column":21}},{"start":{"line":404,"column":25},"end":{"line":404,"column":32}}],"line":404},"38":{"loc":{"start":{"line":447,"column":8},"end":{"line":449,"column":9}},"type":"if","locations":[{"start":{"line":447,"column":8},"end":{"line":449,"column":9}},{"start":{},"end":{}}],"line":447},"39":{"loc":{"start":{"line":447,"column":12},"end":{"line":447,"column":60}},"type":"binary-expr","locations":[{"start":{"line":447,"column":12},"end":{"line":447,"column":33}},{"start":{"line":447,"column":37},"end":{"line":447,"column":60}}],"line":447}},"s":{"0":1,"1":1,"2":3,"3":3,"4":1,"5":2,"6":1,"7":1,"8":3,"9":3,"10":3,"11":1,"12":2,"13":2,"14":1,"15":1,"16":1,"17":1,"18":0,"19":0,"20":0,"21":0,"22":0,"23":1,"24":0,"25":1,"26":1,"27":1,"28":1,"29":3,"30":3,"31":1,"32":2,"33":1,"34":1,"35":1,"36":1,"37":1,"38":5,"39":5,"40":1,"41":4,"42":1,"43":3,"44":3,"45":3,"46":3,"47":1,"48":2,"49":2,"50":2,"51":2,"52":1,"53":1,"54":1,"55":1,"56":0,"57":1,"58":1,"59":1,"60":1,"61":1,"62":1,"63":2,"64":2,"65":1,"66":1,"67":1,"68":0,"69":1,"70":1,"71":1,"72":2,"73":2,"74":1,"75":1,"76":0,"77":1,"78":1,"79":1,"80":0,"81":0,"82":0,"83":0,"84":0,"85":1,"86":0,"87":0,"88":1,"89":1,"90":1,"91":1,"92":1,"93":0,"94":0,"95":0,"96":1,"97":1,"98":1,"99":1,"100":0,"101":0,"102":0,"103":1,"104":1,"105":2,"106":2,"107":1,"108":1,"109":1},"f":{"0":1,"1":3,"2":3,"3":3,"4":5,"5":2,"6":2,"7":1,"8":1,"9":2},"b":{"0":[1,2],"1":[1,1],"2":[3],"3":[1,2],"4":[1,1],"5":[1,0,0,0],"6":[0,1],"7":[1,2],"8":[1,1],"9":[1,0],"10":[1,1],"11":[1,4],"12":[1,3],"13":[3,3],"14":[1,2],"15":[3,1],"16":[1,1],"17":[0,1],"18":[1,0],"19":[1,0],"20":[1,0],"21":[1,0],"22":[1,0],"23":[0,1],"24":[1,1],"25":[0,1],"26":[0,1],"27":[1,1],"28":[0,1],"29":[1,1],"30":[1,0,0,0],"31":[0,1],"32":[1,1],"33":[0,0],"34":[0,0],"35":[0,1],"36":[0,1],"37":[1,0],"38":[1,1],"39":[2,1]},"_coverageSchema":"1a1c01bbd47fc00a2c39e90264f33305004495a9","hash":"0b3abb3fd76dc97c19d24de9f25a8dececf9c064"}
,"D:\\React\\lessons\\backend\\src\\services\\colorSettingsService.js": {"path":"D:\\React\\lessons\\backend\\src\\services\\colorSettingsService.js","statementMap":{"0":{"start":{"line":5,"column":25},"end":{"line":5,"column":74}},"1":{"start":{"line":7,"column":8},"end":{"line":9,"column":9}},"2":{"start":{"line":8,"column":12},"end":{"line":8,"column":21}},"3":{"start":{"line":11,"column":8},"end":{"line":11,"column":38}},"4":{"start":{"line":15,"column":23},"end":{"line":15,"column":72}},"5":{"start":{"line":17,"column":8},"end":{"line":30,"column":9}},"6":{"start":{"line":18,"column":12},"end":{"line":22,"column":14}},"7":{"start":{"line":24,"column":12},"end":{"line":29,"column":14}},"8":{"start":{"line":32,"column":8},"end":{"line":32,"column":32}}},"fnMap":{"0":{"name":"(anonymous_0)","decl":{"start":{"line":4,"column":4},"end":{"line":4,"column":5}},"loc":{"start":{"line":4,"column":29},"end":{"line":12,"column":5}},"line":4},"1":{"name":"(anonymous_1)","decl":{"start":{"line":14,"column":4},"end":{"line":14,"column":5}},"loc":{"start":{"line":14,"column":38},"end":{"line":33,"column":5}},"line":14}},"branchMap":{"0":{"loc":{"start":{"line":7,"column":8},"end":{"line":9,"column":9}},"type":"if","locations":[{"start":{"line":7,"column":8},"end":{"line":9,"column":9}},{"start":{},"end":{}}],"line":7},"1":{"loc":{"start":{"line":11,"column":15},"end":{"line":11,"column":38}},"type":"binary-expr","locations":[{"start":{"line":11,"column":15},"end":{"line":11,"column":32}},{"start":{"line":11,"column":36},"end":{"line":11,"column":38}}],"line":11},"2":{"loc":{"start":{"line":17,"column":8},"end":{"line":30,"column":9}},"type":"if","locations":[{"start":{"line":17,"column":8},"end":{"line":30,"column":9}},{"start":{"line":23,"column":15},"end":{"line":30,"column":9}}],"line":17}},"s":{"0":2,"1":2,"2":1,"3":1,"4":2,"5":2,"6":1,"7":1,"8":2},"f":{"0":2,"1":2},"b":{"0":[1,1],"1":[1,0],"2":[1,1]},"_coverageSchema":"1a1c01bbd47fc00a2c39e90264f33305004495a9","hash":"9a269c92cea5de9c45331068d70dbb0021cef3df"}
,"D:\\React\\lessons\\backend\\src\\services\\coworkingService.js": {"path":"D:\\React\\lessons\\backend\\src\\services\\coworkingService.js","statementMap":{"0":{"start":{"line":5,"column":24},"end":{"line":15,"column":10}},"1":{"start":{"line":16,"column":8},"end":{"line":16,"column":22}},"2":{"start":{"line":20,"column":23},"end":{"line":34,"column":10}},"3":{"start":{"line":36,"column":8},"end":{"line":38,"column":9}},"4":{"start":{"line":37,"column":12},"end":{"line":37,"column":57}},"5":{"start":{"line":40,"column":8},"end":{"line":40,"column":21}},"6":{"start":{"line":44,"column":100},"end":{"line":44,"column":104}},"7":{"start":{"line":47,"column":8},"end":{"line":54,"column":9}},"8":{"start":{"line":48,"column":35},"end":{"line":48,"column":92}},"9":{"start":{"line":49,"column":12},"end":{"line":53,"column":13}},"10":{"start":{"line":50,"column":16},"end":{"line":52,"column":17}},"11":{"start":{"line":51,"column":20},"end":{"line":51,"column":66}},"12":{"start":{"line":56,"column":23},"end":{"line":67,"column":10}},"13":{"start":{"line":69,"column":8},"end":{"line":69,"column":21}},"14":{"start":{"line":73,"column":110},"end":{"line":73,"column":114}},"15":{"start":{"line":76,"column":8},"end":{"line":83,"column":9}},"16":{"start":{"line":77,"column":35},"end":{"line":77,"column":92}},"17":{"start":{"line":78,"column":12},"end":{"line":82,"column":13}},"18":{"start":{"line":79,"column":16},"end":{"line":81,"column":17}},"19":{"start":{"line":80,"column":20},"end":{"line":80,"column":66}},"20":{"start":{"line":85,"column":23},"end":{"line":98,"column":10}},"21":{"start":{"line":100,"column":8},"end":{"line":100,"column":21}},"22":{"start":{"line":104,"column":8},"end":{"line":106,"column":10}}},"fnMap":{"0":{"name":"(anonymous_0)","decl":{"start":{"line":4,"column":4},"end":{"line":4,"column":5}},"loc":{"start":{"line":4,"column":43},"end":{"line":17,"column":5}},"line":4},"1":{"name":"(anonymous_1)","decl":{"start":{"line":19,"column":4},"end":{"line":19,"column":5}},"loc":{"start":{"line":19,"column":28},"end":{"line":41,"column":5}},"line":19},"2":{"name":"(anonymous_2)","decl":{"start":{"line":43,"column":4},"end":{"line":43,"column":5}},"loc":{"start":{"line":43,"column":29},"end":{"line":70,"column":5}},"line":43},"3":{"name":"(anonymous_3)","decl":{"start":{"line":72,"column":4},"end":{"line":72,"column":5}},"loc":{"start":{"line":72,"column":33},"end":{"line":101,"column":5}},"line":72},"4":{"name":"(anonymous_4)","decl":{"start":{"line":103,"column":4},"end":{"line":103,"column":5}},"loc":{"start":{"line":103,"column":27},"end":{"line":107,"column":5}},"line":103}},"branchMap":{"0":{"loc":{"start":{"line":4,"column":24},"end":{"line":4,"column":41}},"type":"default-arg","locations":[{"start":{"line":4,"column":37},"end":{"line":4,"column":41}}],"line":4},"1":{"loc":{"start":{"line":6,"column":19},"end":{"line":6,"column":55}},"type":"cond-expr","locations":[{"start":{"line":6,"column":32},"end":{"line":6,"column":50}},{"start":{"line":6,"column":53},"end":{"line":6,"column":55}}],"line":6},"2":{"loc":{"start":{"line":36,"column":8},"end":{"line":38,"column":9}},"type":"if","locations":[{"start":{"line":36,"column":8},"end":{"line":38,"column":9}},{"start":{},"end":{}}],"line":36},"3":{"loc":{"start":{"line":47,"column":8},"end":{"line":54,"column":9}},"type":"if","locations":[{"start":{"line":47,"column":8},"end":{"line":54,"column":9}},{"start":{},"end":{}}],"line":47},"4":{"loc":{"start":{"line":47,"column":12},"end":{"line":47,"column":49}},"type":"binary-expr","locations":[{"start":{"line":47,"column":12},"end":{"line":47,"column":21}},{"start":{"line":47,"column":25},"end":{"line":47,"column":49}}],"line":47},"5":{"loc":{"start":{"line":50,"column":16},"end":{"line":52,"column":17}},"type":"if","locations":[{"start":{"line":50,"column":16},"end":{"line":52,"column":17}},{"start":{},"end":{}}],"line":50},"6":{"loc":{"start":{"line":65,"column":27},"end":{"line":65,"column":42}},"type":"binary-expr","locations":[{"start":{"line":65,"column":27},"end":{"line":65,"column":36}},{"start":{"line":65,"column":40},"end":{"line":65,"column":42}}],"line":65},"7":{"loc":{"start":{"line":76,"column":8},"end":{"line":83,"column":9}},"type":"if","locations":[{"start":{"line":76,"column":8},"end":{"line":83,"column":9}},{"start":{},"end":{}}],"line":76},"8":{"loc":{"start":{"line":76,"column":12},"end":{"line":76,"column":49}},"type":"binary-expr","locations":[{"start":{"line":76,"column":12},"end":{"line":76,"column":21}},{"start":{"line":76,"column":25},"end":{"line":76,"column":49}}],"line":76},"9":{"loc":{"start":{"line":79,"column":16},"end":{"line":81,"column":17}},"type":"if","locations":[{"start":{"line":79,"column":16},"end":{"line":81,"column":17}},{"start":{},"end":{}}],"line":79},"10":{"loc":{"start":{"line":95,"column":27},"end":{"line":95,"column":42}},"type":"binary-expr","locations":[{"start":{"line":95,"column":27},"end":{"line":95,"column":36}},{"start":{"line":95,"column":40},"end":{"line":95,"column":42}}],"line":95}},"s":{"0":2,"1":2,"2":2,"3":2,"4":1,"5":1,"6":2,"7":2,"8":2,"9":2,"10":2,"11":1,"12":1,"13":1,"14":2,"15":2,"16":1,"17":1,"18":1,"19":1,"20":1,"21":1,"22":1},"f":{"0":2,"1":2,"2":2,"3":2,"4":1},"b":{"0":[0],"1":[1,1],"2":[1,1],"3":[2,0],"4":[2,2],"5":[1,1],"6":[1,0],"7":[1,1],"8":[2,1],"9":[1,0],"10":[1,1]},"_coverageSchema":"1a1c01bbd47fc00a2c39e90264f33305004495a9","hash":"44a7f604e748df9658653aaed56fcccfbe65977d"}
,"D:\\React\\lessons\\backend\\src\\services\\discountService.js": {"path":"D:\\React\\lessons\\backend\\src\\services\\discountService.js","statementMap":{"0":{"start":{"line":5,"column":26},"end":{"line":11,"column":10}},"1":{"start":{"line":12,"column":8},"end":{"line":12,"column":24}},"2":{"start":{"line":16,"column":25},"end":{"line":18,"column":10}},"3":{"start":{"line":20,"column":8},"end":{"line":22,"column":9}},"4":{"start":{"line":21,"column":12},"end":{"line":21,"column":49}},"5":{"start":{"line":24,"column":8},"end":{"line":24,"column":23}},"6":{"start":{"line":40,"column":12},"end":{"line":40,"column":16}},"7":{"start":{"line":43,"column":8},"end":{"line":45,"column":9}},"8":{"start":{"line":44,"column":12},"end":{"line":44,"column":58}},"9":{"start":{"line":47,"column":8},"end":{"line":49,"column":9}},"10":{"start":{"line":48,"column":12},"end":{"line":48,"column":77}},"11":{"start":{"line":51,"column":8},"end":{"line":53,"column":9}},"12":{"start":{"line":52,"column":12},"end":{"line":52,"column":67}},"13":{"start":{"line":55,"column":8},"end":{"line":57,"column":9}},"14":{"start":{"line":56,"column":12},"end":{"line":56,"column":54}},"15":{"start":{"line":59,"column":8},"end":{"line":61,"column":9}},"16":{"start":{"line":60,"column":12},"end":{"line":60,"column":57}},"17":{"start":{"line":63,"column":8},"end":{"line":65,"column":9}},"18":{"start":{"line":64,"column":12},"end":{"line":64,"column":78}},"19":{"start":{"line":67,"column":8},"end":{"line":69,"column":9}},"20":{"start":{"line":68,"column":12},"end":{"line":68,"column":64}},"21":{"start":{"line":72,"column":33},"end":{"line":74,"column":10}},"22":{"start":{"line":76,"column":8},"end":{"line":78,"column":9}},"23":{"start":{"line":77,"column":12},"end":{"line":77,"column":70}},"24":{"start":{"line":80,"column":25},"end":{"line":94,"column":10}},"25":{"start":{"line":96,"column":8},"end":{"line":96,"column":23}},"26":{"start":{"line":112,"column":12},"end":{"line":112,"column":16}},"27":{"start":{"line":115,"column":32},"end":{"line":117,"column":10}},"28":{"start":{"line":119,"column":8},"end":{"line":121,"column":9}},"29":{"start":{"line":120,"column":12},"end":{"line":120,"column":49}},"30":{"start":{"line":124,"column":8},"end":{"line":126,"column":9}},"31":{"start":{"line":125,"column":12},"end":{"line":125,"column":58}},"32":{"start":{"line":128,"column":8},"end":{"line":136,"column":9}},"33":{"start":{"line":129,"column":12},"end":{"line":131,"column":13}},"34":{"start":{"line":130,"column":16},"end":{"line":130,"column":81}},"35":{"start":{"line":133,"column":12},"end":{"line":135,"column":13}},"36":{"start":{"line":134,"column":16},"end":{"line":134,"column":71}},"37":{"start":{"line":138,"column":8},"end":{"line":140,"column":9}},"38":{"start":{"line":139,"column":12},"end":{"line":139,"column":78}},"39":{"start":{"line":142,"column":8},"end":{"line":144,"column":9}},"40":{"start":{"line":143,"column":12},"end":{"line":143,"column":64}},"41":{"start":{"line":147,"column":8},"end":{"line":155,"column":9}},"42":{"start":{"line":148,"column":37},"end":{"line":150,"column":14}},"43":{"start":{"line":152,"column":12},"end":{"line":154,"column":13}},"44":{"start":{"line":153,"column":16},"end":{"line":153,"column":74}},"45":{"start":{"line":157,"column":25},"end":{"line":176,"column":10}},"46":{"start":{"line":178,"column":8},"end":{"line":178,"column":23}},"47":{"start":{"line":182,"column":8},"end":{"line":184,"column":10}},"48":{"start":{"line":188,"column":32},"end":{"line":198,"column":10}},"49":{"start":{"line":200,"column":8},"end":{"line":200,"column":30}},"50":{"start":{"line":204,"column":28},"end":{"line":204,"column":62}},"51":{"start":{"line":205,"column":28},"end":{"line":205,"column":38}},"52":{"start":{"line":206,"column":27},"end":{"line":206,"column":114}},"53":{"start":{"line":208,"column":36},"end":{"line":216,"column":10}},"54":{"start":{"line":219,"column":34},"end":{"line":226,"column":10}},"55":{"start":{"line":220,"column":12},"end":{"line":220,"column":54}},"56":{"start":{"line":220,"column":43},"end":{"line":220,"column":54}},"57":{"start":{"line":222,"column":33},"end":{"line":222,"column":68}},"58":{"start":{"line":223,"column":12},"end":{"line":223,"column":41}},"59":{"start":{"line":223,"column":30},"end":{"line":223,"column":41}},"60":{"start":{"line":225,"column":12},"end":{"line":225,"column":61}},"61":{"start":{"line":228,"column":8},"end":{"line":231,"column":9}}},"fnMap":{"0":{"name":"(anonymous_0)","decl":{"start":{"line":4,"column":4},"end":{"line":4,"column":5}},"loc":{"start":{"line":4,"column":36},"end":{"line":13,"column":5}},"line":4},"1":{"name":"(anonymous_1)","decl":{"start":{"line":15,"column":4},"end":{"line":15,"column":5}},"loc":{"start":{"line":15,"column":30},"end":{"line":25,"column":5}},"line":15},"2":{"name":"(anonymous_2)","decl":{"start":{"line":27,"column":4},"end":{"line":27,"column":5}},"loc":{"start":{"line":27,"column":31},"end":{"line":97,"column":5}},"line":27},"3":{"name":"(anonymous_3)","decl":{"start":{"line":99,"column":4},"end":{"line":99,"column":5}},"loc":{"start":{"line":99,"column":35},"end":{"line":179,"column":5}},"line":99},"4":{"name":"(anonymous_4)","decl":{"start":{"line":181,"column":4},"end":{"line":181,"column":5}},"loc":{"start":{"line":181,"column":29},"end":{"line":185,"column":5}},"line":181},"5":{"name":"(anonymous_5)","decl":{"start":{"line":187,"column":4},"end":{"line":187,"column":5}},"loc":{"start":{"line":187,"column":31},"end":{"line":201,"column":5}},"line":187},"6":{"name":"(anonymous_6)","decl":{"start":{"line":203,"column":4},"end":{"line":203,"column":5}},"loc":{"start":{"line":203,"column":59},"end":{"line":232,"column":5}},"line":203},"7":{"name":"(anonymous_7)","decl":{"start":{"line":219,"column":61},"end":{"line":219,"column":62}},"loc":{"start":{"line":219,"column":73},"end":{"line":226,"column":9}},"line":219}},"branchMap":{"0":{"loc":{"start":{"line":6,"column":19},"end":{"line":6,"column":68}},"type":"cond-expr","locations":[{"start":{"line":6,"column":30},"end":{"line":6,"column":63}},{"start":{"line":6,"column":66},"end":{"line":6,"column":68}}],"line":6},"1":{"loc":{"start":{"line":20,"column":8},"end":{"line":22,"column":9}},"type":"if","locations":[{"start":{"line":20,"column":8},"end":{"line":22,"column":9}},{"start":{},"end":{}}],"line":20},"2":{"loc":{"start":{"line":43,"column":8},"end":{"line":45,"column":9}},"type":"if","locations":[{"start":{"line":43,"column":8},"end":{"line":45,"column":9}},{"start":{},"end":{}}],"line":43},"3":{"loc":{"start":{"line":43,"column":12},"end":{"line":43,"column":33}},"type":"binary-expr","locations":[{"start":{"line":43,"column":12},"end":{"line":43,"column":17}},{"start":{"line":43,"column":21},"end":{"line":43,"column":33}}],"line":43},"4":{"loc":{"start":{"line":47,"column":8},"end":{"line":49,"column":9}},"type":"if","locations":[{"start":{"line":47,"column":8},"end":{"line":49,"column":9}},{"start":{},"end":{}}],"line":47},"5":{"loc":{"start":{"line":47,"column":12},"end":{"line":47,"column":42}},"type":"binary-expr","locations":[{"start":{"line":47,"column":12},"end":{"line":47,"column":23}},{"start":{"line":47,"column":27},"end":{"line":47,"column":42}}],"line":47},"6":{"loc":{"start":{"line":51,"column":8},"end":{"line":53,"column":9}},"type":"if","locations":[{"start":{"line":51,"column":8},"end":{"line":53,"column":9}},{"start":{},"end":{}}],"line":51},"7":{"loc":{"start":{"line":55,"column":8},"end":{"line":57,"column":9}},"type":"if","locations":[{"start":{"line":55,"column":8},"end":{"line":57,"column":9}},{"start":{},"end":{}}],"line":55},"8":{"loc":{"start":{"line":59,"column":8},"end":{"line":61,"column":9}},"type":"if","locations":[{"start":{"line":59,"column":8},"end":{"line":61,"column":9}},{"start":{},"end":{}}],"line":59},"9":{"loc":{"start":{"line":63,"column":8},"end":{"line":65,"column":9}},"type":"if","locations":[{"start":{"line":63,"column":8},"end":{"line":65,"column":9}},{"start":{},"end":{}}],"line":63},"10":{"loc":{"start":{"line":67,"column":8},"end":{"line":69,"column":9}},"type":"if","locations":[{"start":{"line":67,"column":8},"end":{"line":69,"column":9}},{"start":{},"end":{}}],"line":67},"11":{"loc":{"start":{"line":67,"column":12},"end":{"line":67,"column":58}},"type":"binary-expr","locations":[{"start":{"line":67,"column":12},"end":{"line":67,"column":27}},{"start":{"line":67,"column":31},"end":{"line":67,"column":58}}],"line":67},"12":{"loc":{"start":{"line":76,"column":8},"end":{"line":78,"column":9}},"type":"if","locations":[{"start":{"line":76,"column":8},"end":{"line":78,"column":9}},{"start":{},"end":{}}],"line":76},"13":{"loc":{"start":{"line":83,"column":29},"end":{"line":83,"column":46}},"type":"binary-expr","locations":[{"start":{"line":83,"column":29},"end":{"line":83,"column":40}},{"start":{"line":83,"column":44},"end":{"line":83,"column":46}}],"line":83},"14":{"loc":{"start":{"line":85,"column":35},"end":{"line":85,"column":91}},"type":"cond-expr","locations":[{"start":{"line":85,"column":55},"end":{"line":85,"column":84}},{"start":{"line":85,"column":87},"end":{"line":85,"column":91}}],"line":85},"15":{"loc":{"start":{"line":86,"column":28},"end":{"line":86,"column":68}},"type":"cond-expr","locations":[{"start":{"line":86,"column":41},"end":{"line":86,"column":61}},{"start":{"line":86,"column":64},"end":{"line":86,"column":68}}],"line":86},"16":{"loc":{"start":{"line":90,"column":33},"end":{"line":90,"column":56}},"type":"binary-expr","locations":[{"start":{"line":90,"column":33},"end":{"line":90,"column":48}},{"start":{"line":90,"column":52},"end":{"line":90,"column":56}}],"line":90},"17":{"loc":{"start":{"line":91,"column":26},"end":{"line":91,"column":66}},"type":"cond-expr","locations":[{"start":{"line":91,"column":51},"end":{"line":91,"column":59}},{"start":{"line":91,"column":62},"end":{"line":91,"column":66}}],"line":91},"18":{"loc":{"start":{"line":92,"column":26},"end":{"line":92,"column":59}},"type":"cond-expr","locations":[{"start":{"line":92,"column":37},"end":{"line":92,"column":55}},{"start":{"line":92,"column":58},"end":{"line":92,"column":59}}],"line":92},"19":{"loc":{"start":{"line":119,"column":8},"end":{"line":121,"column":9}},"type":"if","locations":[{"start":{"line":119,"column":8},"end":{"line":121,"column":9}},{"start":{},"end":{}}],"line":119},"20":{"loc":{"start":{"line":124,"column":8},"end":{"line":126,"column":9}},"type":"if","locations":[{"start":{"line":124,"column":8},"end":{"line":126,"column":9}},{"start":{},"end":{}}],"line":124},"21":{"loc":{"start":{"line":124,"column":12},"end":{"line":124,"column":32}},"type":"binary-expr","locations":[{"start":{"line":124,"column":12},"end":{"line":124,"column":16}},{"start":{"line":124,"column":20},"end":{"line":124,"column":32}}],"line":124},"22":{"loc":{"start":{"line":128,"column":8},"end":{"line":136,"column":9}},"type":"if","locations":[{"start":{"line":128,"column":8},"end":{"line":136,"column":9}},{"start":{},"end":{}}],"line":128},"23":{"loc":{"start":{"line":129,"column":12},"end":{"line":131,"column":13}},"type":"if","locations":[{"start":{"line":129,"column":12},"end":{"line":131,"column":13}},{"start":{},"end":{}}],"line":129},"24":{"loc":{"start":{"line":133,"column":12},"end":{"line":135,"column":13}},"type":"if","locations":[{"start":{"line":133,"column":12},"end":{"line":135,"column":13}},{"start":{},"end":{}}],"line":133},"25":{"loc":{"start":{"line":138,"column":8},"end":{"line":140,"column":9}},"type":"if","locations":[{"start":{"line":138,"column":8},"end":{"line":140,"column":9}},{"start":{},"end":{}}],"line":138},"26":{"loc":{"start":{"line":138,"column":12},"end":{"line":138,"column":75}},"type":"binary-expr","locations":[{"start":{"line":138,"column":12},"end":{"line":138,"column":21}},{"start":{"line":138,"column":25},"end":{"line":138,"column":32}},{"start":{"line":138,"column":36},"end":{"line":138,"column":75}}],"line":138},"27":{"loc":{"start":{"line":142,"column":8},"end":{"line":144,"column":9}},"type":"if","locations":[{"start":{"line":142,"column":8},"end":{"line":144,"column":9}},{"start":{},"end":{}}],"line":142},"28":{"loc":{"start":{"line":142,"column":12},"end":{"line":142,"column":57}},"type":"binary-expr","locations":[{"start":{"line":142,"column":12},"end":{"line":142,"column":26}},{"start":{"line":142,"column":30},"end":{"line":142,"column":57}}],"line":142},"29":{"loc":{"start":{"line":147,"column":8},"end":{"line":155,"column":9}},"type":"if","locations":[{"start":{"line":147,"column":8},"end":{"line":155,"column":9}},{"start":{},"end":{}}],"line":147},"30":{"loc":{"start":{"line":147,"column":12},"end":{"line":147,"column":63}},"type":"binary-expr","locations":[{"start":{"line":147,"column":12},"end":{"line":147,"column":30}},{"start":{"line":147,"column":34},"end":{"line":147,"column":63}}],"line":147},"31":{"loc":{"start":{"line":152,"column":12},"end":{"line":154,"column":13}},"type":"if","locations":[{"start":{"line":152,"column":12},"end":{"line":154,"column":13}},{"start":{},"end":{}}],"line":152},"32":{"loc":{"start":{"line":152,"column":16},"end":{"line":152,"column":62}},"type":"binary-expr","locations":[{"start":{"line":152,"column":16},"end":{"line":152,"column":32}},{"start":{"line":152,"column":36},"end":{"line":152,"column":62}}],"line":152},"33":{"loc":{"start":{"line":160,"column":22},"end":{"line":160,"column":70}},"type":"cond-expr","locations":[{"start":{"line":160,"column":43},"end":{"line":160,"column":47}},{"start":{"line":160,"column":50},"end":{"line":160,"column":70}}],"line":160},"34":{"loc":{"start":{"line":161,"column":29},"end":{"line":161,"column":98}},"type":"cond-expr","locations":[{"start":{"line":161,"column":57},"end":{"line":161,"column":68}},{"start":{"line":161,"column":71},"end":{"line":161,"column":98}}],"line":161},"35":{"loc":{"start":{"line":162,"column":28},"end":{"line":162,"column":106}},"type":"cond-expr","locations":[{"start":{"line":162,"column":55},"end":{"line":162,"column":77}},{"start":{"line":162,"column":80},"end":{"line":162,"column":106}}],"line":162},"36":{"loc":{"start":{"line":163,"column":35},"end":{"line":165,"column":55}},"type":"cond-expr","locations":[{"start":{"line":164,"column":23},"end":{"line":164,"column":79}},{"start":{"line":165,"column":22},"end":{"line":165,"column":55}}],"line":163},"37":{"loc":{"start":{"line":164,"column":23},"end":{"line":164,"column":79}},"type":"cond-expr","locations":[{"start":{"line":164,"column":43},"end":{"line":164,"column":72}},{"start":{"line":164,"column":75},"end":{"line":164,"column":79}}],"line":164},"38":{"loc":{"start":{"line":166,"column":28},"end":{"line":168,"column":48}},"type":"cond-expr","locations":[{"start":{"line":167,"column":23},"end":{"line":167,"column":63}},{"start":{"line":168,"column":22},"end":{"line":168,"column":48}}],"line":166},"39":{"loc":{"start":{"line":167,"column":23},"end":{"line":167,"column":63}},"type":"cond-expr","locations":[{"start":{"line":167,"column":36},"end":{"line":167,"column":56}},{"start":{"line":167,"column":59},"end":{"line":167,"column":63}}],"line":167},"40":{"loc":{"start":{"line":169,"column":27},"end":{"line":169,"column":86}},"type":"cond-expr","locations":[{"start":{"line":169,"column":39},"end":{"line":169,"column":58}},{"start":{"line":169,"column":61},"end":{"line":169,"column":86}}],"line":169},"41":{"loc":{"start":{"line":170,"column":25},"end":{"line":170,"column":78}},"type":"cond-expr","locations":[{"start":{"line":170,"column":35},"end":{"line":170,"column":52}},{"start":{"line":170,"column":55},"end":{"line":170,"column":78}}],"line":170},"42":{"loc":{"start":{"line":171,"column":32},"end":{"line":171,"column":110}},"type":"cond-expr","locations":[{"start":{"line":171,"column":63},"end":{"line":171,"column":77}},{"start":{"line":171,"column":80},"end":{"line":171,"column":110}}],"line":171},"43":{"loc":{"start":{"line":172,"column":33},"end":{"line":172,"column":114}},"type":"cond-expr","locations":[{"start":{"line":172,"column":65},"end":{"line":172,"column":80}},{"start":{"line":172,"column":83},"end":{"line":172,"column":114}}],"line":172},"44":{"loc":{"start":{"line":173,"column":26},"end":{"line":173,"column":86}},"type":"cond-expr","locations":[{"start":{"line":173,"column":51},"end":{"line":173,"column":59}},{"start":{"line":173,"column":62},"end":{"line":173,"column":86}}],"line":173},"45":{"loc":{"start":{"line":174,"column":26},"end":{"line":174,"column":96}},"type":"cond-expr","locations":[{"start":{"line":174,"column":51},"end":{"line":174,"column":69}},{"start":{"line":174,"column":72},"end":{"line":174,"column":96}}],"line":174},"46":{"loc":{"start":{"line":204,"column":28},"end":{"line":204,"column":62}},"type":"cond-expr","locations":[{"start":{"line":204,"column":35},"end":{"line":204,"column":49}},{"start":{"line":204,"column":52},"end":{"line":204,"column":62}}],"line":204},"47":{"loc":{"start":{"line":205,"column":28},"end":{"line":205,"column":38}},"type":"binary-expr","locations":[{"start":{"line":205,"column":28},"end":{"line":205,"column":32}},{"start":{"line":205,"column":36},"end":{"line":205,"column":38}}],"line":205},"48":{"loc":{"start":{"line":206,"column":27},"end":{"line":206,"column":114}},"type":"binary-expr","locations":[{"start":{"line":206,"column":27},"end":{"line":206,"column":36}},{"start":{"line":206,"column":40},"end":{"line":206,"column":114}}],"line":206},"49":{"loc":{"start":{"line":220,"column":12},"end":{"line":220,"column":54}},"type":"if","locations":[{"start":{"line":220,"column":12},"end":{"line":220,"column":54}},{"start":{},"end":{}}],"line":220},"50":{"loc":{"start":{"line":223,"column":12},"end":{"line":223,"column":41}},"type":"if","locations":[{"start":{"line":223,"column":12},"end":{"line":223,"column":41}},{"start":{},"end":{}}],"line":223},"51":{"loc":{"start":{"line":225,"column":19},"end":{"line":225,"column":61}},"type":"binary-expr","locations":[{"start":{"line":225,"column":19},"end":{"line":225,"column":39}},{"start":{"line":225,"column":43},"end":{"line":225,"column":61}}],"line":225}},"s":{"0":1,"1":1,"2":2,"3":2,"4":1,"5":1,"6":3,"7":3,"8":0,"9":3,"10":1,"11":2,"12":0,"13":2,"14":0,"15":2,"16":0,"17":2,"18":0,"19":2,"20":0,"21":2,"22":2,"23":1,"24":1,"25":1,"26":3,"27":3,"28":3,"29":1,"30":2,"31":0,"32":2,"33":1,"34":0,"35":1,"36":1,"37":1,"38":0,"39":1,"40":0,"41":1,"42":1,"43":1,"44":0,"45":1,"46":1,"47":1,"48":1,"49":1,"50":1,"51":1,"52":1,"53":1,"54":1,"55":1,"56":1,"57":0,"58":0,"59":0,"60":0,"61":1},"f":{"0":1,"1":2,"2":3,"3":3,"4":1,"5":1,"6":1,"7":1},"b":{"0":[0,1],"1":[1,1],"2":[0,3],"3":[3,3],"4":[1,2],"5":[3,2],"6":[0,2],"7":[0,2],"8":[0,2],"9":[0,2],"10":[0,2],"11":[2,2],"12":[1,1],"13":[1,1],"14":[0,1],"15":[0,1],"16":[1,1],"17":[0,1],"18":[0,1],"19":[1,2],"20":[0,2],"21":[2,1],"22":[1,1],"23":[0,1],"24":[1,0],"25":[0,1],"26":[1,0,0],"27":[0,1],"28":[1,0],"29":[1,0],"30":[1,1],"31":[0,1],"32":[1,0],"33":[1,0],"34":[0,1],"35":[0,1],"36":[0,1],"37":[0,0],"38":[0,1],"39":[0,0],"40":[0,1],"41":[0,1],"42":[0,1],"43":[0,1],"44":[0,1],"45":[0,1],"46":[0,1],"47":[1,1],"48":[1,1],"49":[1,0],"50":[0,0],"51":[0,0]},"_coverageSchema":"1a1c01bbd47fc00a2c39e90264f33305004495a9","hash":"a9b875cddf443d1efe0eae0dfdb7f950d83212f7"}
,"D:\\React\\lessons\\backend\\src\\services\\floorService.js": {"path":"D:\\React\\lessons\\backend\\src\\services\\floorService.js","statementMap":{"0":{"start":{"line":5,"column":23},"end":{"line":11,"column":10}},"1":{"start":{"line":12,"column":8},"end":{"line":12,"column":21}},"2":{"start":{"line":16,"column":22},"end":{"line":26,"column":10}},"3":{"start":{"line":28,"column":8},"end":{"line":30,"column":9}},"4":{"start":{"line":29,"column":12},"end":{"line":29,"column":46}},"5":{"start":{"line":32,"column":8},"end":{"line":32,"column":20}},"6":{"start":{"line":36,"column":66},"end":{"line":36,"column":70}},"7":{"start":{"line":38,"column":22},"end":{"line":46,"column":10}},"8":{"start":{"line":48,"column":8},"end":{"line":48,"column":20}},"9":{"start":{"line":52,"column":47},"end":{"line":52,"column":51}},"10":{"start":{"line":54,"column":22},"end":{"line":62,"column":10}},"11":{"start":{"line":64,"column":8},"end":{"line":64,"column":20}},"12":{"start":{"line":68,"column":8},"end":{"line":70,"column":10}}},"fnMap":{"0":{"name":"(anonymous_0)","decl":{"start":{"line":4,"column":4},"end":{"line":4,"column":5}},"loc":{"start":{"line":4,"column":42},"end":{"line":13,"column":5}},"line":4},"1":{"name":"(anonymous_1)","decl":{"start":{"line":15,"column":4},"end":{"line":15,"column":5}},"loc":{"start":{"line":15,"column":27},"end":{"line":33,"column":5}},"line":15},"2":{"name":"(anonymous_2)","decl":{"start":{"line":35,"column":4},"end":{"line":35,"column":5}},"loc":{"start":{"line":35,"column":28},"end":{"line":49,"column":5}},"line":35},"3":{"name":"(anonymous_3)","decl":{"start":{"line":51,"column":4},"end":{"line":51,"column":5}},"loc":{"start":{"line":51,"column":32},"end":{"line":65,"column":5}},"line":51},"4":{"name":"(anonymous_4)","decl":{"start":{"line":67,"column":4},"end":{"line":67,"column":5}},"loc":{"start":{"line":67,"column":26},"end":{"line":71,"column":5}},"line":67}},"branchMap":{"0":{"loc":{"start":{"line":6,"column":19},"end":{"line":6,"column":65}},"type":"cond-expr","locations":[{"start":{"line":6,"column":39},"end":{"line":6,"column":60}},{"start":{"line":6,"column":63},"end":{"line":6,"column":65}}],"line":6},"1":{"loc":{"start":{"line":28,"column":8},"end":{"line":30,"column":9}},"type":"if","locations":[{"start":{"line":28,"column":8},"end":{"line":30,"column":9}},{"start":{},"end":{}}],"line":28}},"s":{"0":1,"1":1,"2":2,"3":2,"4":1,"5":1,"6":1,"7":1,"8":1,"9":1,"10":1,"11":1,"12":1},"f":{"0":1,"1":2,"2":1,"3":1,"4":1},"b":{"0":[0,1],"1":[1,1]},"_coverageSchema":"1a1c01bbd47fc00a2c39e90264f33305004495a9","hash":"333c93a417563c759d9dd344e9d272f8bc286759"}
,"D:\\React\\lessons\\backend\\src\\services\\inventoryService.js": {"path":"D:\\React\\lessons\\backend\\src\\services\\inventoryService.js","statementMap":{"0":{"start":{"line":5,"column":22},"end":{"line":5,"column":24}},"1":{"start":{"line":6,"column":8},"end":{"line":6,"column":62}},"2":{"start":{"line":6,"column":27},"end":{"line":6,"column":62}},"3":{"start":{"line":7,"column":8},"end":{"line":7,"column":35}},"4":{"start":{"line":7,"column":18},"end":{"line":7,"column":35}},"5":{"start":{"line":9,"column":26},"end":{"line":21,"column":10}},"6":{"start":{"line":23,"column":8},"end":{"line":23,"column":24}},"7":{"start":{"line":27,"column":35},"end":{"line":35,"column":10}},"8":{"start":{"line":37,"column":8},"end":{"line":37,"column":33}},"9":{"start":{"line":41,"column":26},"end":{"line":53,"column":10}},"10":{"start":{"line":55,"column":8},"end":{"line":55,"column":24}},"11":{"start":{"line":59,"column":26},"end":{"line":71,"column":10}},"12":{"start":{"line":73,"column":8},"end":{"line":73,"column":24}},"13":{"start":{"line":77,"column":21},"end":{"line":88,"column":10}},"14":{"start":{"line":90,"column":8},"end":{"line":92,"column":9}},"15":{"start":{"line":91,"column":12},"end":{"line":91,"column":55}},"16":{"start":{"line":94,"column":8},"end":{"line":94,"column":19}},"17":{"start":{"line":98,"column":86},"end":{"line":98,"column":90}},"18":{"start":{"line":100,"column":8},"end":{"line":102,"column":9}},"19":{"start":{"line":101,"column":12},"end":{"line":101,"column":47}},"20":{"start":{"line":104,"column":27},"end":{"line":104,"column":110}},"21":{"start":{"line":105,"column":8},"end":{"line":107,"column":9}},"22":{"start":{"line":106,"column":12},"end":{"line":106,"column":53}},"23":{"start":{"line":109,"column":25},"end":{"line":109,"column":43}},"24":{"start":{"line":110,"column":8},"end":{"line":112,"column":9}},"25":{"start":{"line":111,"column":12},"end":{"line":111,"column":64}},"26":{"start":{"line":114,"column":25},"end":{"line":114,"column":46}},"27":{"start":{"line":115,"column":8},"end":{"line":117,"column":9}},"28":{"start":{"line":116,"column":12},"end":{"line":116,"column":67}},"29":{"start":{"line":118,"column":8},"end":{"line":120,"column":9}},"30":{"start":{"line":119,"column":12},"end":{"line":119,"column":77}},"31":{"start":{"line":122,"column":8},"end":{"line":127,"column":9}},"32":{"start":{"line":123,"column":23},"end":{"line":123,"column":92}},"33":{"start":{"line":124,"column":12},"end":{"line":126,"column":13}},"34":{"start":{"line":125,"column":16},"end":{"line":125,"column":56}},"35":{"start":{"line":129,"column":21},"end":{"line":144,"column":10}},"36":{"start":{"line":146,"column":8},"end":{"line":146,"column":19}},"37":{"start":{"line":150,"column":86},"end":{"line":150,"column":90}},"38":{"start":{"line":152,"column":25},"end":{"line":152,"column":81}},"39":{"start":{"line":153,"column":8},"end":{"line":155,"column":9}},"40":{"start":{"line":154,"column":12},"end":{"line":154,"column":55}},"41":{"start":{"line":157,"column":8},"end":{"line":162,"column":9}},"42":{"start":{"line":158,"column":31},"end":{"line":158,"column":114}},"43":{"start":{"line":159,"column":12},"end":{"line":161,"column":13}},"44":{"start":{"line":160,"column":16},"end":{"line":160,"column":57}},"45":{"start":{"line":164,"column":25},"end":{"line":164,"column":47}},"46":{"start":{"line":165,"column":8},"end":{"line":170,"column":9}},"47":{"start":{"line":166,"column":12},"end":{"line":168,"column":13}},"48":{"start":{"line":167,"column":16},"end":{"line":167,"column":68}},"49":{"start":{"line":169,"column":12},"end":{"line":169,"column":38}},"50":{"start":{"line":172,"column":28},"end":{"line":172,"column":53}},"51":{"start":{"line":173,"column":8},"end":{"line":181,"column":9}},"52":{"start":{"line":174,"column":12},"end":{"line":176,"column":13}},"53":{"start":{"line":175,"column":16},"end":{"line":175,"column":71}},"54":{"start":{"line":177,"column":12},"end":{"line":179,"column":13}},"55":{"start":{"line":178,"column":16},"end":{"line":178,"column":81}},"56":{"start":{"line":180,"column":12},"end":{"line":180,"column":44}},"57":{"start":{"line":183,"column":8},"end":{"line":188,"column":9}},"58":{"start":{"line":184,"column":23},"end":{"line":184,"column":92}},"59":{"start":{"line":185,"column":12},"end":{"line":187,"column":13}},"60":{"start":{"line":186,"column":16},"end":{"line":186,"column":56}},"61":{"start":{"line":190,"column":21},"end":{"line":206,"column":10}},"62":{"start":{"line":208,"column":8},"end":{"line":208,"column":19}},"63":{"start":{"line":212,"column":25},"end":{"line":212,"column":81}},"64":{"start":{"line":213,"column":8},"end":{"line":215,"column":9}},"65":{"start":{"line":214,"column":12},"end":{"line":214,"column":55}},"66":{"start":{"line":217,"column":27},"end":{"line":217,"column":29}},"67":{"start":{"line":219,"column":8},"end":{"line":225,"column":9}},"68":{"start":{"line":220,"column":12},"end":{"line":222,"column":13}},"69":{"start":{"line":221,"column":16},"end":{"line":221,"column":68}},"70":{"start":{"line":223,"column":12},"end":{"line":223,"column":52}},"71":{"start":{"line":224,"column":12},"end":{"line":224,"column":102}},"72":{"start":{"line":224,"column":59},"end":{"line":224,"column":102}},"73":{"start":{"line":227,"column":8},"end":{"line":236,"column":9}},"74":{"start":{"line":228,"column":12},"end":{"line":230,"column":13}},"75":{"start":{"line":229,"column":16},"end":{"line":229,"column":71}},"76":{"start":{"line":231,"column":24},"end":{"line":231,"column":92}},"77":{"start":{"line":232,"column":12},"end":{"line":234,"column":13}},"78":{"start":{"line":233,"column":16},"end":{"line":233,"column":81}},"79":{"start":{"line":235,"column":12},"end":{"line":235,"column":58}},"80":{"start":{"line":238,"column":21},"end":{"line":248,"column":10}},"81":{"start":{"line":250,"column":8},"end":{"line":250,"column":19}},"82":{"start":{"line":254,"column":25},"end":{"line":254,"column":81}},"83":{"start":{"line":255,"column":8},"end":{"line":257,"column":9}},"84":{"start":{"line":256,"column":12},"end":{"line":256,"column":55}},"85":{"start":{"line":259,"column":8},"end":{"line":269,"column":9}},"86":{"start":{"line":260,"column":23},"end":{"line":260,"column":92}},"87":{"start":{"line":261,"column":12},"end":{"line":263,"column":13}},"88":{"start":{"line":262,"column":16},"end":{"line":262,"column":56}},"89":{"start":{"line":266,"column":12},"end":{"line":268,"column":13}},"90":{"start":{"line":267,"column":16},"end":{"line":267,"column":53}},"91":{"start":{"line":271,"column":27},"end":{"line":273,"column":9}},"92":{"start":{"line":276,"column":8},"end":{"line":282,"column":9}},"93":{"start":{"line":277,"column":12},"end":{"line":277,"column":71}},"94":{"start":{"line":280,"column":13},"end":{"line":282,"column":9}},"95":{"start":{"line":281,"column":12},"end":{"line":281,"column":84}},"96":{"start":{"line":284,"column":21},"end":{"line":294,"column":10}},"97":{"start":{"line":296,"column":8},"end":{"line":296,"column":19}},"98":{"start":{"line":300,"column":25},"end":{"line":300,"column":81}},"99":{"start":{"line":301,"column":8},"end":{"line":303,"column":9}},"100":{"start":{"line":302,"column":12},"end":{"line":302,"column":55}},"101":{"start":{"line":305,"column":8},"end":{"line":305,"column":60}},"102":{"start":{"line":309,"column":27},"end":{"line":309,"column":61}},"103":{"start":{"line":310,"column":28},"end":{"line":314,"column":10}},"104":{"start":{"line":315,"column":29},"end":{"line":315,"column":97}},"105":{"start":{"line":316,"column":30},"end":{"line":316,"column":107}},"106":{"start":{"line":318,"column":30},"end":{"line":318,"column":94}},"107":{"start":{"line":318,"column":59},"end":{"line":318,"column":90}},"108":{"start":{"line":319,"column":30},"end":{"line":319,"column":97}},"109":{"start":{"line":319,"column":59},"end":{"line":319,"column":93}},"110":{"start":{"line":321,"column":8},"end":{"line":334,"column":9}},"111":{"start":{"line":326,"column":47},"end":{"line":332,"column":13}}},"fnMap":{"0":{"name":"(anonymous_0)","decl":{"start":{"line":4,"column":4},"end":{"line":4,"column":5}},"loc":{"start":{"line":4,"column":47},"end":{"line":24,"column":5}},"line":4},"1":{"name":"(anonymous_1)","decl":{"start":{"line":26,"column":4},"end":{"line":26,"column":5}},"loc":{"start":{"line":26,"column":34},"end":{"line":38,"column":5}},"line":26},"2":{"name":"(anonymous_2)","decl":{"start":{"line":40,"column":4},"end":{"line":40,"column":5}},"loc":{"start":{"line":40,"column":51},"end":{"line":56,"column":5}},"line":40},"3":{"name":"(anonymous_3)","decl":{"start":{"line":58,"column":4},"end":{"line":58,"column":5}},"loc":{"start":{"line":58,"column":35},"end":{"line":74,"column":5}},"line":58},"4":{"name":"(anonymous_4)","decl":{"start":{"line":76,"column":4},"end":{"line":76,"column":5}},"loc":{"start":{"line":76,"column":31},"end":{"line":95,"column":5}},"line":76},"5":{"name":"(anonymous_5)","decl":{"start":{"line":97,"column":4},"end":{"line":97,"column":5}},"loc":{"start":{"line":97,"column":36},"end":{"line":147,"column":5}},"line":97},"6":{"name":"(anonymous_6)","decl":{"start":{"line":149,"column":4},"end":{"line":149,"column":5}},"loc":{"start":{"line":149,"column":40},"end":{"line":209,"column":5}},"line":149},"7":{"name":"(anonymous_7)","decl":{"start":{"line":211,"column":4},"end":{"line":211,"column":5}},"loc":{"start":{"line":211,"column":71},"end":{"line":251,"column":5}},"line":211},"8":{"name":"(anonymous_8)","decl":{"start":{"line":253,"column":4},"end":{"line":253,"column":5}},"loc":{"start":{"line":253,"column":56},"end":{"line":297,"column":5}},"line":253},"9":{"name":"(anonymous_9)","decl":{"start":{"line":299,"column":4},"end":{"line":299,"column":5}},"loc":{"start":{"line":299,"column":34},"end":{"line":306,"column":5}},"line":299},"10":{"name":"(anonymous_10)","decl":{"start":{"line":308,"column":4},"end":{"line":308,"column":5}},"loc":{"start":{"line":308,"column":30},"end":{"line":335,"column":5}},"line":308},"11":{"name":"(anonymous_11)","decl":{"start":{"line":318,"column":49},"end":{"line":318,"column":50}},"loc":{"start":{"line":318,"column":59},"end":{"line":318,"column":90}},"line":318},"12":{"name":"(anonymous_12)","decl":{"start":{"line":319,"column":49},"end":{"line":319,"column":50}},"loc":{"start":{"line":319,"column":59},"end":{"line":319,"column":93}},"line":319},"13":{"name":"(anonymous_13)","decl":{"start":{"line":326,"column":41},"end":{"line":326,"column":42}},"loc":{"start":{"line":326,"column":47},"end":{"line":332,"column":13}},"line":326}},"branchMap":{"0":{"loc":{"start":{"line":6,"column":8},"end":{"line":6,"column":62}},"type":"if","locations":[{"start":{"line":6,"column":8},"end":{"line":6,"column":62}},{"start":{},"end":{}}],"line":6},"1":{"loc":{"start":{"line":7,"column":8},"end":{"line":7,"column":35}},"type":"if","locations":[{"start":{"line":7,"column":8},"end":{"line":7,"column":35}},{"start":{},"end":{}}],"line":7},"2":{"loc":{"start":{"line":90,"column":8},"end":{"line":92,"column":9}},"type":"if","locations":[{"start":{"line":90,"column":8},"end":{"line":92,"column":9}},{"start":{},"end":{}}],"line":90},"3":{"loc":{"start":{"line":100,"column":8},"end":{"line":102,"column":9}},"type":"if","locations":[{"start":{"line":100,"column":8},"end":{"line":102,"column":9}},{"start":{},"end":{}}],"line":100},"4":{"loc":{"start":{"line":105,"column":8},"end":{"line":107,"column":9}},"type":"if","locations":[{"start":{"line":105,"column":8},"end":{"line":107,"column":9}},{"start":{},"end":{}}],"line":105},"5":{"loc":{"start":{"line":109,"column":25},"end":{"line":109,"column":43}},"type":"binary-expr","locations":[{"start":{"line":109,"column":25},"end":{"line":109,"column":38}},{"start":{"line":109,"column":42},"end":{"line":109,"column":43}}],"line":109},"6":{"loc":{"start":{"line":110,"column":8},"end":{"line":112,"column":9}},"type":"if","locations":[{"start":{"line":110,"column":8},"end":{"line":112,"column":9}},{"start":{},"end":{}}],"line":110},"7":{"loc":{"start":{"line":114,"column":25},"end":{"line":114,"column":46}},"type":"binary-expr","locations":[{"start":{"line":114,"column":25},"end":{"line":114,"column":41}},{"start":{"line":114,"column":45},"end":{"line":114,"column":46}}],"line":114},"8":{"loc":{"start":{"line":115,"column":8},"end":{"line":117,"column":9}},"type":"if","locations":[{"start":{"line":115,"column":8},"end":{"line":117,"column":9}},{"start":{},"end":{}}],"line":115},"9":{"loc":{"start":{"line":118,"column":8},"end":{"line":120,"column":9}},"type":"if","locations":[{"start":{"line":118,"column":8},"end":{"line":120,"column":9}},{"start":{},"end":{}}],"line":118},"10":{"loc":{"start":{"line":122,"column":8},"end":{"line":127,"column":9}},"type":"if","locations":[{"start":{"line":122,"column":8},"end":{"line":127,"column":9}},{"start":{},"end":{}}],"line":122},"11":{"loc":{"start":{"line":124,"column":12},"end":{"line":126,"column":13}},"type":"if","locations":[{"start":{"line":124,"column":12},"end":{"line":126,"column":13}},{"start":{},"end":{}}],"line":124},"12":{"loc":{"start":{"line":131,"column":31},"end":{"line":131,"column":52}},"type":"binary-expr","locations":[{"start":{"line":131,"column":31},"end":{"line":131,"column":44}},{"start":{"line":131,"column":48},"end":{"line":131,"column":52}}],"line":131},"13":{"loc":{"start":{"line":133,"column":29},"end":{"line":133,"column":48}},"type":"binary-expr","locations":[{"start":{"line":133,"column":29},"end":{"line":133,"column":40}},{"start":{"line":133,"column":44},"end":{"line":133,"column":48}}],"line":133},"14":{"loc":{"start":{"line":153,"column":8},"end":{"line":155,"column":9}},"type":"if","locations":[{"start":{"line":153,"column":8},"end":{"line":155,"column":9}},{"start":{},"end":{}}],"line":153},"15":{"loc":{"start":{"line":157,"column":8},"end":{"line":162,"column":9}},"type":"if","locations":[{"start":{"line":157,"column":8},"end":{"line":162,"column":9}},{"start":{},"end":{}}],"line":157},"16":{"loc":{"start":{"line":159,"column":12},"end":{"line":161,"column":13}},"type":"if","locations":[{"start":{"line":159,"column":12},"end":{"line":161,"column":13}},{"start":{},"end":{}}],"line":159},"17":{"loc":{"start":{"line":165,"column":8},"end":{"line":170,"column":9}},"type":"if","locations":[{"start":{"line":165,"column":8},"end":{"line":170,"column":9}},{"start":{},"end":{}}],"line":165},"18":{"loc":{"start":{"line":166,"column":12},"end":{"line":168,"column":13}},"type":"if","locations":[{"start":{"line":166,"column":12},"end":{"line":168,"column":13}},{"start":{},"end":{}}],"line":166},"19":{"loc":{"start":{"line":173,"column":8},"end":{"line":181,"column":9}},"type":"if","locations":[{"start":{"line":173,"column":8},"end":{"line":181,"column":9}},{"start":{},"end":{}}],"line":173},"20":{"loc":{"start":{"line":174,"column":12},"end":{"line":176,"column":13}},"type":"if","locations":[{"start":{"line":174,"column":12},"end":{"line":176,"column":13}},{"start":{},"end":{}}],"line":174},"21":{"loc":{"start":{"line":177,"column":12},"end":{"line":179,"column":13}},"type":"if","locations":[{"start":{"line":177,"column":12},"end":{"line":179,"column":13}},{"start":{},"end":{}}],"line":177},"22":{"loc":{"start":{"line":183,"column":8},"end":{"line":188,"column":9}},"type":"if","locations":[{"start":{"line":183,"column":8},"end":{"line":188,"column":9}},{"start":{},"end":{}}],"line":183},"23":{"loc":{"start":{"line":183,"column":12},"end":{"line":183,"column":56}},"type":"binary-expr","locations":[{"start":{"line":183,"column":12},"end":{"line":183,"column":39}},{"start":{"line":183,"column":43},"end":{"line":183,"column":56}}],"line":183},"24":{"loc":{"start":{"line":185,"column":12},"end":{"line":187,"column":13}},"type":"if","locations":[{"start":{"line":185,"column":12},"end":{"line":187,"column":13}},{"start":{},"end":{}}],"line":185},"25":{"loc":{"start":{"line":193,"column":20},"end":{"line":193,"column":91}},"type":"binary-expr","locations":[{"start":{"line":193,"column":20},"end":{"line":193,"column":47}},{"start":{"line":193,"column":51},"end":{"line":193,"column":91}}],"line":193},"26":{"loc":{"start":{"line":193,"column":68},"end":{"line":193,"column":89}},"type":"binary-expr","locations":[{"start":{"line":193,"column":68},"end":{"line":193,"column":81}},{"start":{"line":193,"column":85},"end":{"line":193,"column":89}}],"line":193},"27":{"loc":{"start":{"line":194,"column":20},"end":{"line":194,"column":36}},"type":"binary-expr","locations":[{"start":{"line":194,"column":20},"end":{"line":194,"column":24}},{"start":{"line":194,"column":28},"end":{"line":194,"column":36}}],"line":194},"28":{"loc":{"start":{"line":195,"column":20},"end":{"line":195,"column":85}},"type":"binary-expr","locations":[{"start":{"line":195,"column":20},"end":{"line":195,"column":45}},{"start":{"line":195,"column":49},"end":{"line":195,"column":85}}],"line":195},"29":{"loc":{"start":{"line":195,"column":64},"end":{"line":195,"column":83}},"type":"binary-expr","locations":[{"start":{"line":195,"column":64},"end":{"line":195,"column":75}},{"start":{"line":195,"column":79},"end":{"line":195,"column":83}}],"line":195},"30":{"loc":{"start":{"line":213,"column":8},"end":{"line":215,"column":9}},"type":"if","locations":[{"start":{"line":213,"column":8},"end":{"line":215,"column":9}},{"start":{},"end":{}}],"line":213},"31":{"loc":{"start":{"line":219,"column":8},"end":{"line":225,"column":9}},"type":"if","locations":[{"start":{"line":219,"column":8},"end":{"line":225,"column":9}},{"start":{},"end":{}}],"line":219},"32":{"loc":{"start":{"line":220,"column":12},"end":{"line":222,"column":13}},"type":"if","locations":[{"start":{"line":220,"column":12},"end":{"line":222,"column":13}},{"start":{},"end":{}}],"line":220},"33":{"loc":{"start":{"line":224,"column":12},"end":{"line":224,"column":102}},"type":"if","locations":[{"start":{"line":224,"column":12},"end":{"line":224,"column":102}},{"start":{},"end":{}}],"line":224},"34":{"loc":{"start":{"line":227,"column":8},"end":{"line":236,"column":9}},"type":"if","locations":[{"start":{"line":227,"column":8},"end":{"line":236,"column":9}},{"start":{},"end":{}}],"line":227},"35":{"loc":{"start":{"line":228,"column":12},"end":{"line":230,"column":13}},"type":"if","locations":[{"start":{"line":228,"column":12},"end":{"line":230,"column":13}},{"start":{},"end":{}}],"line":228},"36":{"loc":{"start":{"line":231,"column":24},"end":{"line":231,"column":92}},"type":"cond-expr","locations":[{"start":{"line":231,"column":54},"end":{"line":231,"column":67}},{"start":{"line":231,"column":70},"end":{"line":231,"column":92}}],"line":231},"37":{"loc":{"start":{"line":232,"column":12},"end":{"line":234,"column":13}},"type":"if","locations":[{"start":{"line":232,"column":12},"end":{"line":234,"column":13}},{"start":{},"end":{}}],"line":232},"38":{"loc":{"start":{"line":255,"column":8},"end":{"line":257,"column":9}},"type":"if","locations":[{"start":{"line":255,"column":8},"end":{"line":257,"column":9}},{"start":{},"end":{}}],"line":255},"39":{"loc":{"start":{"line":259,"column":8},"end":{"line":269,"column":9}},"type":"if","locations":[{"start":{"line":259,"column":8},"end":{"line":269,"column":9}},{"start":{},"end":{}}],"line":259},"40":{"loc":{"start":{"line":261,"column":12},"end":{"line":263,"column":13}},"type":"if","locations":[{"start":{"line":261,"column":12},"end":{"line":263,"column":13}},{"start":{},"end":{}}],"line":261},"41":{"loc":{"start":{"line":266,"column":12},"end":{"line":268,"column":13}},"type":"if","locations":[{"start":{"line":266,"column":12},"end":{"line":268,"column":13}},{"start":{},"end":{}}],"line":266},"42":{"loc":{"start":{"line":272,"column":27},"end":{"line":272,"column":48}},"type":"binary-expr","locations":[{"start":{"line":272,"column":27},"end":{"line":272,"column":40}},{"start":{"line":272,"column":44},"end":{"line":272,"column":48}}],"line":272},"43":{"loc":{"start":{"line":276,"column":8},"end":{"line":282,"column":9}},"type":"if","locations":[{"start":{"line":276,"column":8},"end":{"line":282,"column":9}},{"start":{"line":280,"column":13},"end":{"line":282,"column":9}}],"line":276},"44":{"loc":{"start":{"line":276,"column":12},"end":{"line":276,"column":52}},"type":"binary-expr","locations":[{"start":{"line":276,"column":12},"end":{"line":276,"column":25}},{"start":{"line":276,"column":29},"end":{"line":276,"column":52}}],"line":276},"45":{"loc":{"start":{"line":280,"column":13},"end":{"line":282,"column":9}},"type":"if","locations":[{"start":{"line":280,"column":13},"end":{"line":282,"column":9}},{"start":{},"end":{}}],"line":280},"46":{"loc":{"start":{"line":280,"column":17},"end":{"line":280,"column":57}},"type":"binary-expr","locations":[{"start":{"line":280,"column":17},"end":{"line":280,"column":31}},{"start":{"line":280,"column":35},"end":{"line":280,"column":57}}],"line":280},"47":{"loc":{"start":{"line":301,"column":8},"end":{"line":303,"column":9}},"type":"if","locations":[{"start":{"line":301,"column":8},"end":{"line":303,"column":9}},{"start":{},"end":{}}],"line":301},"48":{"loc":{"start":{"line":318,"column":64},"end":{"line":318,"column":89}},"type":"binary-expr","locations":[{"start":{"line":318,"column":64},"end":{"line":318,"column":84}},{"start":{"line":318,"column":88},"end":{"line":318,"column":89}}],"line":318},"49":{"loc":{"start":{"line":319,"column":64},"end":{"line":319,"column":92}},"type":"binary-expr","locations":[{"start":{"line":319,"column":64},"end":{"line":319,"column":87}},{"start":{"line":319,"column":91},"end":{"line":319,"column":92}}],"line":319},"50":{"loc":{"start":{"line":330,"column":36},"end":{"line":330,"column":61}},"type":"binary-expr","locations":[{"start":{"line":330,"column":36},"end":{"line":330,"column":56}},{"start":{"line":330,"column":60},"end":{"line":330,"column":61}}],"line":330},"51":{"loc":{"start":{"line":330,"column":66},"end":{"line":330,"column":94}},"type":"binary-expr","locations":[{"start":{"line":330,"column":66},"end":{"line":330,"column":89}},{"start":{"line":330,"column":93},"end":{"line":330,"column":94}}],"line":330}},"s":{"0":1,"1":1,"2":0,"3":1,"4":0,"5":1,"6":1,"7":1,"8":1,"9":1,"10":1,"11":1,"12":1,"13":2,"14":2,"15":1,"16":1,"17":2,"18":2,"19":0,"20":2,"21":2,"22":1,"23":1,"24":1,"25":0,"26":1,"27":1,"28":0,"29":1,"30":0,"31":1,"32":0,"33":0,"34":0,"35":1,"36":1,"37":2,"38":2,"39":2,"40":1,"41":1,"42":0,"43":0,"44":0,"45":1,"46":1,"47":1,"48":0,"49":1,"50":1,"51":1,"52":0,"53":0,"54":0,"55":0,"56":0,"57":1,"58":0,"59":0,"60":0,"61":1,"62":1,"63":2,"64":2,"65":1,"66":1,"67":1,"68":1,"69":0,"70":1,"71":1,"72":0,"73":1,"74":0,"75":0,"76":0,"77":0,"78":0,"79":0,"80":1,"81":1,"82":2,"83":2,"84":1,"85":1,"86":1,"87":1,"88":0,"89":1,"90":0,"91":1,"92":1,"93":1,"94":0,"95":0,"96":1,"97":1,"98":2,"99":2,"100":1,"101":1,"102":1,"103":1,"104":1,"105":1,"106":1,"107":1,"108":1,"109":1,"110":1,"111":1},"f":{"0":1,"1":1,"2":1,"3":1,"4":2,"5":2,"6":2,"7":2,"8":2,"9":2,"10":1,"11":1,"12":1,"13":1},"b":{"0":[0,1],"1":[0,1],"2":[1,1],"3":[0,2],"4":[1,1],"5":[1,0],"6":[0,1],"7":[1,1],"8":[0,1],"9":[0,1],"10":[0,1],"11":[0,0],"12":[1,1],"13":[1,1],"14":[1,1],"15":[0,1],"16":[0,0],"17":[1,0],"18":[0,1],"19":[0,1],"20":[0,0],"21":[0,0],"22":[0,1],"23":[1,0],"24":[0,0],"25":[1,0],"26":[0,0],"27":[1,0],"28":[1,0],"29":[0,0],"30":[1,1],"31":[1,0],"32":[0,1],"33":[0,1],"34":[0,1],"35":[0,0],"36":[0,0],"37":[0,0],"38":[1,1],"39":[1,0],"40":[0,1],"41":[0,1],"42":[1,0],"43":[1,0],"44":[1,1],"45":[0,0],"46":[0,0],"47":[1,1],"48":[1,0],"49":[1,0],"50":[1,0],"51":[1,0]},"_coverageSchema":"1a1c01bbd47fc00a2c39e90264f33305004495a9","hash":"cdff04bba070c79e7b88f26ac631482396e7023c"}
,"D:\\React\\lessons\\backend\\src\\services\\landmarkService.js": {"path":"D:\\React\\lessons\\backend\\src\\services\\landmarkService.js","statementMap":{"0":{"start":{"line":5,"column":26},"end":{"line":7,"column":10}},"1":{"start":{"line":8,"column":8},"end":{"line":8,"column":24}},"2":{"start":{"line":12,"column":25},"end":{"line":14,"column":10}},"3":{"start":{"line":16,"column":8},"end":{"line":18,"column":9}},"4":{"start":{"line":17,"column":12},"end":{"line":17,"column":49}},"5":{"start":{"line":20,"column":8},"end":{"line":20,"column":23}},"6":{"start":{"line":24,"column":56},"end":{"line":24,"column":60}},"7":{"start":{"line":26,"column":25},"end":{"line":35,"column":10}},"8":{"start":{"line":37,"column":8},"end":{"line":37,"column":23}},"9":{"start":{"line":41,"column":47},"end":{"line":41,"column":51}},"10":{"start":{"line":43,"column":25},"end":{"line":52,"column":10}},"11":{"start":{"line":54,"column":8},"end":{"line":54,"column":23}},"12":{"start":{"line":58,"column":8},"end":{"line":60,"column":10}}},"fnMap":{"0":{"name":"(anonymous_0)","decl":{"start":{"line":4,"column":4},"end":{"line":4,"column":5}},"loc":{"start":{"line":4,"column":35},"end":{"line":9,"column":5}},"line":4},"1":{"name":"(anonymous_1)","decl":{"start":{"line":11,"column":4},"end":{"line":11,"column":5}},"loc":{"start":{"line":11,"column":30},"end":{"line":21,"column":5}},"line":11},"2":{"name":"(anonymous_2)","decl":{"start":{"line":23,"column":4},"end":{"line":23,"column":5}},"loc":{"start":{"line":23,"column":31},"end":{"line":38,"column":5}},"line":23},"3":{"name":"(anonymous_3)","decl":{"start":{"line":40,"column":4},"end":{"line":40,"column":5}},"loc":{"start":{"line":40,"column":35},"end":{"line":55,"column":5}},"line":40},"4":{"name":"(anonymous_4)","decl":{"start":{"line":57,"column":4},"end":{"line":57,"column":5}},"loc":{"start":{"line":57,"column":29},"end":{"line":61,"column":5}},"line":57}},"branchMap":{"0":{"loc":{"start":{"line":6,"column":19},"end":{"line":6,"column":45}},"type":"cond-expr","locations":[{"start":{"line":6,"column":29},"end":{"line":6,"column":40}},{"start":{"line":6,"column":43},"end":{"line":6,"column":45}}],"line":6},"1":{"loc":{"start":{"line":16,"column":8},"end":{"line":18,"column":9}},"type":"if","locations":[{"start":{"line":16,"column":8},"end":{"line":18,"column":9}},{"start":{},"end":{}}],"line":16}},"s":{"0":1,"1":1,"2":2,"3":2,"4":1,"5":1,"6":1,"7":1,"8":1,"9":1,"10":1,"11":1,"12":1},"f":{"0":1,"1":2,"2":1,"3":1,"4":1},"b":{"0":[0,1],"1":[1,1]},"_coverageSchema":"1a1c01bbd47fc00a2c39e90264f33305004495a9","hash":"f1a19a07b0e4a442e10d73f81163b7f47aa9bbd7"}
[...]
mn":9}},"32":{"start":{"line":157,"column":12},"end":{"line":157,"column":45}},"33":{"start":{"line":161,"column":8},"end":{"line":163,"column":9}},"34":{"start":{"line":162,"column":12},"end":{"line":162,"column":61}},"35":{"start":{"line":165,"column":8},"end":{"line":167,"column":10}}},"fnMap":{"0":{"name":"(anonymous_0)","decl":{"start":{"line":5,"column":4},"end":{"line":5,"column":5}},"loc":{"start":{"line":5,"column":24},"end":{"line":18,"column":5}},"line":5},"1":{"name":"(anonymous_1)","decl":{"start":{"line":20,"column":4},"end":{"line":20,"column":5}},"loc":{"start":{"line":20,"column":24},"end":{"line":34,"column":5}},"line":20},"2":{"name":"(anonymous_2)","decl":{"start":{"line":36,"column":4},"end":{"line":36,"column":5}},"loc":{"start":{"line":36,"column":23},"end":{"line":50,"column":5}},"line":36},"3":{"name":"(anonymous_3)","decl":{"start":{"line":52,"column":4},"end":{"line":52,"column":5}},"loc":{"start":{"line":52,"column":77},"end":{"line":97,"column":5}},"line":52},"4":{"name":"(anonymous_4)","decl":{"start":{"line":99,"column":4},"end":{"line":99,"column":5}},"loc":{"start":{"line":99,"column":71},"end":{"line":148,"column":5}},"line":99},"5":{"name":"(anonymous_5)","decl":{"start":{"line":150,"column":4},"end":{"line":150,"column":5}},"loc":{"start":{"line":150,"column":40},"end":{"line":168,"column":5}},"line":150}},"branchMap":{"0":{"loc":{"start":{"line":54,"column":8},"end":{"line":56,"column":9}},"type":"if","locations":[{"start":{"line":54,"column":8},"end":{"line":56,"column":9}},{"start":{},"end":{}}],"line":54},"1":{"loc":{"start":{"line":54,"column":12},"end":{"line":54,"column":67}},"type":"binary-expr","locations":[{"start":{"line":54,"column":12},"end":{"line":54,"column":18}},{"start":{"line":54,"column":22},"end":{"line":54,"column":31}},{"start":{"line":54,"column":35},"end":{"line":54,"column":45}},{"start":{"line":54,"column":49},"end":{"line":54,"column":58}},{"start":{"line":54,"column":62},"end":{"line":54,"column":67}}],"line":54},"2":{"loc":{"start":{"line":60,"column":8},"end":{"line":62,"column":9}},"type":"if","locations":[{"start":{"line":60,"column":8},"end":{"line":62,"column":9}},{"start":{},"end":{}}],"line":60},"3":{"loc":{"start":{"line":69,"column":8},"end":{"line":71,"column":9}},"type":"if","locations":[{"start":{"line":69,"column":8},"end":{"line":71,"column":9}},{"start":{},"end":{}}],"line":69},"4":{"loc":{"start":{"line":83,"column":28},"end":{"line":83,"column":46}},"type":"binary-expr","locations":[{"start":{"line":83,"column":28},"end":{"line":83,"column":38}},{"start":{"line":83,"column":42},"end":{"line":83,"column":46}}],"line":83},"5":{"loc":{"start":{"line":105,"column":8},"end":{"line":107,"column":9}},"type":"if","locations":[{"start":{"line":105,"column":8},"end":{"line":107,"column":9}},{"start":{},"end":{}}],"line":105},"6":{"loc":{"start":{"line":110,"column":8},"end":{"line":117,"column":9}},"type":"if","locations":[{"start":{"line":110,"column":8},"end":{"line":117,"column":9}},{"start":{},"end":{}}],"line":110},"7":{"loc":{"start":{"line":110,"column":12},"end":{"line":110,"column":49}},"type":"binary-expr","locations":[{"start":{"line":110,"column":12},"end":{"line":110,"column":17}},{"start":{"line":110,"column":21},"end":{"line":110,"column":49}}],"line":110},"8":{"loc":{"start":{"line":114,"column":12},"end":{"line":116,"column":13}},"type":"if","locations":[{"start":{"line":114,"column":12},"end":{"line":116,"column":13}},{"start":{},"end":{}}],"line":114},"9":{"loc":{"start":{"line":120,"column":8},"end":{"line":125,"column":9}},"type":"if","locations":[{"start":{"line":120,"column":8},"end":{"line":125,"column":9}},{"start":{},"end":{}}],"line":120},"10":{"loc":{"start":{"line":122,"column":12},"end":{"line":124,"column":13}},"type":"if","locations":[{"start":{"line":122,"column":12},"end":{"line":124,"column":13}},{"start":{},"end":{}}],"line":122},"11":{"loc":{"start":{"line":131,"column":23},"end":{"line":131,"column":50}},"type":"binary-expr","locations":[{"start":{"line":131,"column":23},"end":{"line":131,"column":28}},{"start":{"line":131,"column":32},"end":{"line":131,"column":50}}],"line":131},"12":{"loc":{"start":{"line":132,"column":27},"end":{"line":132,"column":62}},"type":"binary-expr","locations":[{"start":{"line":132,"column":27},"end":{"line":132,"column":36}},{"start":{"line":132,"column":40},"end":{"line":132,"column":62}}],"line":132},"13":{"loc":{"start":{"line":133,"column":26},"end":{"line":133,"column":59}},"type":"binary-expr","locations":[{"start":{"line":133,"column":26},"end":{"line":133,"column":34}},{"start":{"line":133,"column":38},"end":{"line":133,"column":59}}],"line":133},"14":{"loc":{"start":{"line":134,"column":28},"end":{"line":134,"column":91}},"type":"cond-expr","locations":[{"start":{"line":134,"column":55},"end":{"line":134,"column":65}},{"start":{"line":134,"column":68},"end":{"line":134,"column":91}}],"line":134},"15":{"loc":{"start":{"line":135,"column":22},"end":{"line":135,"column":47}},"type":"binary-expr","locations":[{"start":{"line":135,"column":22},"end":{"line":135,"column":26}},{"start":{"line":135,"column":30},"end":{"line":135,"column":47}}],"line":135},"16":{"loc":{"start":{"line":156,"column":8},"end":{"line":158,"column":9}},"type":"if","locations":[{"start":{"line":156,"column":8},"end":{"line":158,"column":9}},{"start":{},"end":{}}],"line":156},"17":{"loc":{"start":{"line":161,"column":8},"end":{"line":163,"column":9}},"type":"if","locations":[{"start":{"line":161,"column":8},"end":{"line":163,"column":9}},{"start":{},"end":{}}],"line":161}},"s":{"0":1,"1":1,"2":1,"3":1,"4":1,"5":1,"6":3,"7":0,"8":3,"9":3,"10":1,"11":2,"12":2,"13":1,"14":1,"15":1,"16":1,"17":3,"18":3,"19":1,"20":2,"21":2,"22":2,"23":1,"24":1,"25":0,"26":0,"27":0,"28":1,"29":1,"30":3,"31":3,"32":1,"33":2,"34":1,"35":1},"f":{"0":1,"1":1,"2":1,"3":3,"4":3,"5":3},"b":{"0":[0,3],"1":[3,3,3,3,3],"2":[1,2],"3":[1,1],"4":[1,0],"5":[1,2],"6":[2,0],"7":[2,2],"8":[1,1],"9":[0,1],"10":[0,0],"11":[1,0],"12":[1,1],"13":[1,1],"14":[0,1],"15":[1,1],"16":[1,2],"17":[1,1]},"_coverageSchema":"1a1c01bbd47fc00a2c39e90264f33305004495a9","hash":"3e16aaa265f6e24076b7a8694c32243138adfe4c"}
,"D:\\React\\lessons\\backend\\src\\services\\workstationService.js": {"path":"D:\\React\\lessons\\backend\\src\\services\\workstationService.js","statementMap":{"0":{"start":{"line":5,"column":29},"end":{"line":15,"column":10}},"1":{"start":{"line":16,"column":8},"end":{"line":16,"column":27}},"2":{"start":{"line":20,"column":28},"end":{"line":30,"column":10}},"3":{"start":{"line":32,"column":8},"end":{"line":34,"column":9}},"4":{"start":{"line":33,"column":12},"end":{"line":33,"column":52}},"5":{"start":{"line":36,"column":8},"end":{"line":36,"column":26}},"6":{"start":{"line":53,"column":12},"end":{"line":53,"column":16}},"7":{"start":{"line":56,"column":36},"end":{"line":61,"column":10}},"8":{"start":{"line":63,"column":8},"end":{"line":65,"column":9}},"9":{"start":{"line":64,"column":12},"end":{"line":64,"column":89}},"10":{"start":{"line":68,"column":24},"end":{"line":68,"column":26}},"11":{"start":{"line":70,"column":8},"end":{"line":92,"column":9}},"12":{"start":{"line":72,"column":12},"end":{"line":74,"column":13}},"13":{"start":{"line":73,"column":16},"end":{"line":73,"column":94}},"14":{"start":{"line":75,"column":12},"end":{"line":80,"column":13}},"15":{"start":{"line":81,"column":15},"end":{"line":92,"column":9}},"16":{"start":{"line":83,"column":12},"end":{"line":85,"column":13}},"17":{"start":{"line":84,"column":16},"end":{"line":84,"column":80}},"18":{"start":{"line":86,"column":12},"end":{"line":91,"column":13}},"19":{"start":{"line":94,"column":28},"end":{"line":114,"column":10}},"20":{"start":{"line":116,"column":8},"end":{"line":116,"column":26}},"21":{"start":{"line":132,"column":12},"end":{"line":132,"column":16}},"22":{"start":{"line":135,"column":35},"end":{"line":140,"column":10}},"23":{"start":{"line":142,"column":8},"end":{"line":144,"column":9}},"24":{"start":{"line":143,"column":12},"end":{"line":143,"column":52}},"25":{"start":{"line":147,"column":8},"end":{"line":158,"column":9}},"26":{"start":{"line":148,"column":40},"end":{"line":153,"column":14}},"27":{"start":{"line":155,"column":12},"end":{"line":157,"column":13}},"28":{"start":{"line":156,"column":16},"end":{"line":156,"column":93}},"29":{"start":{"line":161,"column":24},"end":{"line":161,"column":26}},"30":{"start":{"line":163,"column":8},"end":{"line":185,"column":9}},"31":{"start":{"line":165,"column":12},"end":{"line":167,"column":13}},"32":{"start":{"line":166,"column":16},"end":{"line":166,"column":94}},"33":{"start":{"line":168,"column":12},"end":{"line":173,"column":13}},"34":{"start":{"line":174,"column":15},"end":{"line":185,"column":9}},"35":{"start":{"line":176,"column":12},"end":{"line":178,"column":13}},"36":{"start":{"line":177,"column":16},"end":{"line":177,"column":80}},"37":{"start":{"line":179,"column":12},"end":{"line":184,"column":13}},"38":{"start":{"line":187,"column":28},"end":{"line":207,"column":10}},"39":{"start":{"line":209,"column":8},"end":{"line":209,"column":26}},"40":{"start":{"line":214,"column":8},"end":{"line":216,"column":10}},"41":{"start":{"line":218,"column":8},"end":{"line":220,"column":10}},"42":{"start":{"line":224,"column":29},"end":{"line":237,"column":10}},"43":{"start":{"line":239,"column":8},"end":{"line":239,"column":27}},"44":{"start":{"line":243,"column":28},"end":{"line":258,"column":10}},"45":{"start":{"line":260,"column":8},"end":{"line":262,"column":9}},"46":{"start":{"line":261,"column":12},"end":{"line":261,"column":52}},"47":{"start":{"line":264,"column":28},"end":{"line":264,"column":61}},"48":{"start":{"line":266,"column":8},"end":{"line":275,"column":9}},"49":{"start":{"line":280,"column":8},"end":{"line":282,"column":10}},"50":{"start":{"line":285,"column":8},"end":{"line":292,"column":9}},"51":{"start":{"line":286,"column":12},"end":{"line":291,"column":14}},"52":{"start":{"line":287,"column":45},"end":{"line":290,"column":17}},"53":{"start":{"line":294,"column":35},"end":{"line":299,"column":10}},"54":{"start":{"line":301,"column":8},"end":{"line":301,"column":33}}},"fnMap":{"0":{"name":"(anonymous_0)","decl":{"start":{"line":4,"column":4},"end":{"line":4,"column":5}},"loc":{"start":{"line":4,"column":38},"end":{"line":17,"column":5}},"line":4},"1":{"name":"(anonymous_1)","decl":{"start":{"line":19,"column":4},"end":{"line":19,"column":5}},"loc":{"start":{"line":19,"column":33},"end":{"line":37,"column":5}},"line":19},"2":{"name":"(anonymous_2)","decl":{"start":{"line":39,"column":4},"end":{"line":39,"column":5}},"loc":{"start":{"line":39,"column":34},"end":{"line":117,"column":5}},"line":39},"3":{"name":"(anonymous_3)","decl":{"start":{"line":119,"column":4},"end":{"line":119,"column":5}},"loc":{"start":{"line":119,"column":38},"end":{"line":210,"column":5}},"line":119},"4":{"name":"(anonymous_4)","decl":{"start":{"line":212,"column":4},"end":{"line":212,"column":5}},"loc":{"start":{"line":212,"column":32},"end":{"line":221,"column":5}},"line":212},"5":{"name":"(anonymous_5)","decl":{"start":{"line":223,"column":4},"end":{"line":223,"column":5}},"loc":{"start":{"line":223,"column":42},"end":{"line":240,"column":5}},"line":223},"6":{"name":"(anonymous_6)","decl":{"start":{"line":242,"column":4},"end":{"line":242,"column":5}},"loc":{"start":{"line":242,"column":55},"end":{"line":276,"column":5}},"line":242},"7":{"name":"(anonymous_7)","decl":{"start":{"line":278,"column":4},"end":{"line":278,"column":5}},"loc":{"start":{"line":278,"column":52},"end":{"line":302,"column":5}},"line":278},"8":{"name":"(anonymous_8)","decl":{"start":{"line":287,"column":36},"end":{"line":287,"column":37}},"loc":{"start":{"line":287,"column":45},"end":{"line":290,"column":17}},"line":287}},"branchMap":{"0":{"loc":{"start":{"line":6,"column":19},"end":{"line":6,"column":45}},"type":"cond-expr","locations":[{"start":{"line":6,"column":29},"end":{"line":6,"column":40}},{"start":{"line":6,"column":43},"end":{"line":6,"column":45}}],"line":6},"1":{"loc":{"start":{"line":32,"column":8},"end":{"line":34,"column":9}},"type":"if","locations":[{"start":{"line":32,"column":8},"end":{"line":34,"column":9}},{"start":{},"end":{}}],"line":32},"2":{"loc":{"start":{"line":63,"column":8},"end":{"line":65,"column":9}},"type":"if","locations":[{"start":{"line":63,"column":8},"end":{"line":65,"column":9}},{"start":{},"end":{}}],"line":63},"3":{"loc":{"start":{"line":70,"column":8},"end":{"line":92,"column":9}},"type":"if","locations":[{"start":{"line":70,"column":8},"end":{"line":92,"column":9}},{"start":{"line":81,"column":15},"end":{"line":92,"column":9}}],"line":70},"4":{"loc":{"start":{"line":70,"column":12},"end":{"line":70,"column":55}},"type":"binary-expr","locations":[{"start":{"line":70,"column":12},"end":{"line":70,"column":27}},{"start":{"line":70,"column":31},"end":{"line":70,"column":55}}],"line":70},"5":{"loc":{"start":{"line":72,"column":12},"end":{"line":74,"column":13}},"type":"if","locations":[{"start":{"line":72,"column":12},"end":{"line":74,"column":13}},{"start":{},"end":{}}],"line":72},"6":{"loc":{"start":{"line":72,"column":16},"end":{"line":72,"column":75}},"type":"binary-expr","locations":[{"start":{"line":72,"column":16},"end":{"line":72,"column":32}},{"start":{"line":72,"column":36},"end":{"line":72,"column":53}},{"start":{"line":72,"column":57},"end":{"line":72,"column":75}}],"line":72},"7":{"loc":{"start":{"line":81,"column":15},"end":{"line":92,"column":9}},"type":"if","locations":[{"start":{"line":81,"column":15},"end":{"line":92,"column":9}},{"start":{},"end":{}}],"line":81},"8":{"loc":{"start":{"line":81,"column":19},"end":{"line":81,"column":72}},"type":"binary-expr","locations":[{"start":{"line":81,"column":19},"end":{"line":81,"column":42}},{"start":{"line":81,"column":46},"end":{"line":81,"column":72}}],"line":81},"9":{"loc":{"start":{"line":83,"column":12},"end":{"line":85,"column":13}},"type":"if","locations":[{"start":{"line":83,"column":12},"end":{"line":85,"column":13}},{"start":{},"end":{}}],"line":83},"10":{"loc":{"start":{"line":103,"column":23},"end":{"line":103,"column":33}},"type":"binary-expr","locations":[{"start":{"line":103,"column":23},"end":{"line":103,"column":28}},{"start":{"line":103,"column":32},"end":{"line":103,"column":33}}],"line":103},"11":{"loc":{"start":{"line":104,"column":24},"end":{"line":104,"column":35}},"type":"binary-expr","locations":[{"start":{"line":104,"column":24},"end":{"line":104,"column":30}},{"start":{"line":104,"column":34},"end":{"line":104,"column":35}}],"line":104},"12":{"loc":{"start":{"line":142,"column":8},"end":{"line":144,"column":9}},"type":"if","locations":[{"start":{"line":142,"column":8},"end":{"line":144,"column":9}},{"start":{},"end":{}}],"line":142},"13":{"loc":{"start":{"line":147,"column":8},"end":{"line":158,"column":9}},"type":"if","locations":[{"start":{"line":147,"column":8},"end":{"line":158,"column":9}},{"start":{},"end":{}}],"line":147},"14":{"loc":{"start":{"line":147,"column":12},"end":{"line":147,"column":72}},"type":"binary-expr","locations":[{"start":{"line":147,"column":12},"end":{"line":147,"column":32}},{"start":{"line":147,"column":36},"end":{"line":147,"column":72}}],"line":147},"15":{"loc":{"start":{"line":155,"column":12},"end":{"line":157,"column":13}},"type":"if","locations":[{"start":{"line":155,"column":12},"end":{"line":157,"column":13}},{"start":{},"end":{}}],"line":155},"16":{"loc":{"start":{"line":155,"column":16},"end":{"line":155,"column":68}},"type":"binary-expr","locations":[{"start":{"line":155,"column":16},"end":{"line":155,"column":35}},{"start":{"line":155,"column":39},"end":{"line":155,"column":68}}],"line":155},"17":{"loc":{"start":{"line":163,"column":8},"end":{"line":185,"column":9}},"type":"if","locations":[{"start":{"line":163,"column":8},"end":{"line":185,"column":9}},{"start":{"line":174,"column":15},"end":{"line":185,"column":9}}],"line":163},"18":{"loc":{"start":{"line":163,"column":12},"end":{"line":163,"column":55}},"type":"binary-expr","locations":[{"start":{"line":163,"column":12},"end":{"line":163,"column":27}},{"start":{"line":163,"column":31},"end":{"line":163,"column":55}}],"line":163},"19":{"loc":{"start":{"line":165,"column":12},"end":{"line":167,"column":13}},"type":"if","locations":[{"start":{"line":165,"column":12},"end":{"line":167,"column":13}},{"start":{},"end":{}}],"line":165},"20":{"loc":{"start":{"line":165,"column":16},"end":{"line":165,"column":75}},"type":"binary-expr","locations":[{"start":{"line":165,"column":16},"end":{"line":165,"column":32}},{"start":{"line":165,"column":36},"end":{"line":165,"column":53}},{"start":{"line":165,"column":57},"end":{"line":165,"column":75}}],"line":165},"21":{"loc":{"start":{"line":174,"column":15},"end":{"line":185,"column":9}},"type":"if","locations":[{"start":{"line":174,"column":15},"end":{"line":185,"column":9}},{"start":{},"end":{}}],"line":174},"22":{"loc":{"start":{"line":174,"column":19},"end":{"line":174,"column":72}},"type":"binary-expr","locations":[{"start":{"line":174,"column":19},"end":{"line":174,"column":42}},{"start":{"line":174,"column":46},"end":{"line":174,"column":72}}],"line":174},"23":{"loc":{"start":{"line":176,"column":12},"end":{"line":178,"column":13}},"type":"if","locations":[{"start":{"line":176,"column":12},"end":{"line":178,"column":13}},{"start":{},"end":{}}],"line":176},"24":{"loc":{"start":{"line":196,"column":23},"end":{"line":196,"column":33}},"type":"binary-expr","locations":[{"start":{"line":196,"column":23},"end":{"line":196,"column":28}},{"start":{"line":196,"column":32},"end":{"line":196,"column":33}}],"line":196},"25":{"loc":{"start":{"line":197,"column":24},"end":{"line":197,"column":35}},"type":"binary-expr","locations":[{"start":{"line":197,"column":24},"end":{"line":197,"column":30}},{"start":{"line":197,"column":34},"end":{"line":197,"column":35}}],"line":197},"26":{"loc":{"start":{"line":250,"column":53},"end":{"line":250,"column":71}},"type":"binary-expr","locations":[{"start":{"line":250,"column":53},"end":{"line":250,"column":57}},{"start":{"line":250,"column":61},"end":{"line":250,"column":71}}],"line":250},"27":{"loc":{"start":{"line":253,"column":53},"end":{"line":253,"column":71}},"type":"binary-expr","locations":[{"start":{"line":253,"column":53},"end":{"line":253,"column":57}},{"start":{"line":253,"column":61},"end":{"line":253,"column":71}}],"line":253},"28":{"loc":{"start":{"line":260,"column":8},"end":{"line":262,"column":9}},"type":"if","locations":[{"start":{"line":260,"column":8},"end":{"line":262,"column":9}},{"start":{},"end":{}}],"line":260},"29":{"loc":{"start":{"line":285,"column":8},"end":{"line":292,"column":9}},"type":"if","locations":[{"start":{"line":285,"column":8},"end":{"line":292,"column":9}},{"start":{},"end":{}}],"line":285},"30":{"loc":{"start":{"line":285,"column":12},"end":{"line":285,"column":45}},"type":"binary-expr","locations":[{"start":{"line":285,"column":12},"end":{"line":285,"column":21}},{"start":{"line":285,"column":25},"end":{"line":285,"column":45}}],"line":285}},"s":{"0":1,"1":1,"2":2,"3":2,"4":1,"5":1,"6":3,"7":3,"8":3,"9":1,"10":2,"11":2,"12":2,"13":1,"14":1,"15":0,"16":0,"17":0,"18":0,"19":1,"20":1,"21":3,"22":3,"23":3,"24":1,"25":2,"26":2,"27":2,"28":1,"29":1,"30":1,"31":0,"32":0,"33":0,"34":1,"35":0,"36":0,"37":0,"38":1,"39":1,"40":1,"41":1,"42":1,"43":1,"44":2,"45":2,"46":1,"47":1,"48":1,"49":1,"50":1,"51":0,"52":0,"53":1,"54":1},"f":{"0":1,"1":2,"2":3,"3":3,"4":1,"5":1,"6":2,"7":1,"8":0},"b":{"0":[0,1],"1":[1,1],"2":[1,2],"3":[2,0],"4":[2,0],"5":[1,1],"6":[2,1,1],"7":[0,0],"8":[0,0],"9":[0,0],"10":[1,1],"11":[1,1],"12":[1,2],"13":[2,0],"14":[2,2],"15":[1,1],"16":[2,1],"17":[0,1],"18":[1,1],"19":[0,0],"20":[0,0,0],"21":[0,1],"22":[1,1],"23":[0,0],"24":[1,1],"25":[1,1],"26":[2,2],"27":[2,2],"28":[1,1],"29":[0,1],"30":[1,1]},"_coverageSchema":"1a1c01bbd47fc00a2c39e90264f33305004495a9","hash":"e93549096a95e35c0158335dddecacffe3b8fdda"}
}
