TN:
SF:src\services\authService.js
FN:6,(anonymous_0)
FN:35,(anonymous_1)
FNF:2
FNH:2
FNDA:2,(anonymous_0)
FNDA:3,(anonymous_1)
DA:8,2
DA:12,2
DA:13,1
DA:17,1
DA:20,1
DA:31,1
DA:32,1
DA:36,3
DA:40,3
DA:41,1
DA:44,2
DA:46,2
DA:47,1
DA:50,1
DA:51,1
LF:15
LH:15
BRDA:6,0,0,2
BRDA:12,1,0,1
BRDA:12,1,1,1
BRDA:40,2,0,1
BRDA:40,2,1,2
BRDA:46,3,0,1
BRDA:46,3,1,1
BRF:7
BRH:7
end_of_record
TN:
SF:src\services\bookingService.js
FN:6,(anonymous_0)
FN:23,(anonymous_1)
FN:56,(anonymous_2)
FN:154,(anonymous_3)
FN:191,(anonymous_4)
FN:264,(anonymous_5)
FN:310,(anonymous_6)
FN:354,(anonymous_7)
FN:397,(anonymous_8)
FN:442,(anonymous_9)
FNF:10
FNH:10
FNDA:1,(anonymous_0)
FNDA:3,(anonymous_1)
FNDA:3,(anonymous_2)
FNDA:3,(anonymous_3)
FNDA:5,(anonymous_4)
FNDA:2,(anonymous_5)
FNDA:2,(anonymous_6)
FNDA:1,(anonymous_7)
FNDA:1,(anonymous_8)
FNDA:2,(anonymous_9)
DA:7,1
DA:20,1
DA:24,3
DA:45,3
DA:46,1
DA:49,2
DA:50,1
DA:53,1
DA:66,3
DA:69,3
DA:73,3
DA:74,1
DA:78,2
DA:91,2
DA:92,1
DA:104,1
DA:105,1
DA:106,0
DA:107,0
DA:108,0
DA:111,1
DA:112,0
DA:116,1
DA:128,1
DA:145,1
DA:151,1
DA:156,3
DA:161,3
DA:162,1
DA:165,2
DA:166,1
DA:170,1
DA:181,1
DA:182,1
DA:188,1
DA:192,5
DA:197,5
DA:198,1
DA:200,4
DA:201,1
DA:205,3
DA:206,3
DA:207,3
DA:208,3
DA:209,1
DA:212,2
DA:213,2
DA:214,2
DA:217,2
DA:218,1
DA:221,1
DA:225,1
DA:226,1
DA:228,0
DA:231,1
DA:234,1
DA:240,1
DA:241,1
DA:251,1
DA:257,1
DA:265,2
DA:269,2
DA:270,1
DA:273,1
DA:284,1
DA:285,0
DA:288,1
DA:292,1
DA:294,1
DA:311,2
DA:315,2
DA:316,1
DA:321,1
DA:322,0
DA:324,1
DA:325,1
DA:326,0
DA:327,0
DA:328,0
DA:332,1
DA:333,0
DA:334,0
DA:337,1
DA:341,1
DA:343,1
DA:355,1
DA:360,1
DA:361,0
DA:362,0
DA:364,0
DA:380,1
DA:394,1
DA:398,1
DA:404,1
DA:405,0
DA:406,0
DA:408,0
DA:424,1
DA:439,1
DA:443,2
DA:447,2
DA:448,1
DA:451,1
DA:467,1
LF:104
LH:86
BRDA:45,0,0,1
BRDA:45,0,1,2
BRDA:49,1,0,1
BRDA:49,1,1,1
BRDA:64,2,0,3
BRDA:73,3,0,1
BRDA:73,3,1,2
BRDA:91,4,0,1
BRDA:91,4,1,1
BRDA:104,5,0,1
BRDA:104,5,1,0
BRDA:104,5,2,0
BRDA:104,5,3,0
BRDA:111,6,0,0
BRDA:111,6,1,1
BRDA:161,7,0,1
BRDA:161,7,1,2
BRDA:165,8,0,1
BRDA:165,8,1,1
BRDA:181,9,0,1
BRDA:181,9,1,0
BRDA:181,10,0,1
BRDA:181,10,1,1
BRDA:197,11,0,1
BRDA:197,11,1,4
BRDA:200,12,0,1
BRDA:200,12,1,3
BRDA:206,13,0,3
BRDA:206,13,1,3
BRDA:208,14,0,1
BRDA:208,14,1,2
BRDA:208,15,0,3
BRDA:208,15,1,1
BRDA:217,16,0,1
BRDA:217,16,1,1
BRDA:221,17,0,0
BRDA:221,17,1,1
BRDA:231,18,0,1
BRDA:231,18,1,0
BRDA:240,19,0,1
BRDA:240,19,1,0
BRDA:244,20,0,1
BRDA:244,20,1,0
BRDA:245,21,0,1
BRDA:245,21,1,0
BRDA:251,22,0,1
BRDA:251,22,1,0
BRDA:252,23,0,0
BRDA:252,23,1,1
BRDA:269,24,0,1
BRDA:269,24,1,1
BRDA:284,25,0,0
BRDA:284,25,1,1
BRDA:302,26,0,0
BRDA:302,26,1,1
BRDA:315,27,0,1
BRDA:315,27,1,1
BRDA:321,28,0,0
BRDA:321,28,1,1
BRDA:321,29,0,1
BRDA:321,29,1,1
BRDA:324,30,0,1
BRDA:324,30,1,0
BRDA:324,30,2,0
BRDA:324,30,3,0
BRDA:332,31,0,0
BRDA:332,31,1,1
BRDA:332,32,0,1
BRDA:332,32,1,1
BRDA:334,33,0,0
BRDA:334,33,1,0
BRDA:334,34,0,0
BRDA:334,34,1,0
BRDA:360,35,0,0
BRDA:360,35,1,1
BRDA:404,36,0,0
BRDA:404,36,1,1
BRDA:404,37,0,1
BRDA:404,37,1,0
BRDA:447,38,0,1
BRDA:447,38,1,1
BRDA:447,39,0,2
BRDA:447,39,1,1
BRF:83
BRH:57
end_of_record
TN:
SF:src\services\colorSettingsService.js
FN:4,(anonymous_0)
FN:14,(anonymous_1)
FNF:2
FNH:2
FNDA:2,(anonymous_0)
FNDA:2,(anonymous_1)
DA:5,2
DA:7,2
DA:8,1
DA:11,1
DA:15,2
DA:17,2
DA:18,1
DA:24,1
DA:32,2
LF:9
LH:9
BRDA:7,0,0,1
BRDA:7,0,1,1
BRDA:11,1,0,1
BRDA:11,1,1,0
BRDA:17,2,0,1
BRDA:17,2,1,1
BRF:6
BRH:5
end_of_record
TN:
SF:src\services\coworkingService.js
FN:4,(anonymous_0)
FN:19,(anonymous_1)
FN:43,(anonymous_2)
FN:72,(anonymous_3)
FN:103,(anonymous_4)
FNF:5
FNH:5
FNDA:2,(anonymous_0)
FNDA:2,(anonymous_1)
FNDA:2,(anonymous_2)
FNDA:2,(anonymous_3)
FNDA:1,(anonymous_4)
DA:5,2
DA:16,2
DA:20,2
DA:36,2
DA:37,1
DA:40,1
DA:44,2
DA:47,2
DA:48,2
DA:49,2
DA:50,2
DA:51,1
DA:56,1
DA:69,1
DA:73,2
DA:76,2
DA:77,1
DA:78,1
DA:79,1
DA:80,1
DA:85,1
DA:100,1
DA:104,1
LF:23
LH:23
BRDA:4,0,0,0
BRDA:6,1,0,1
BRDA:6,1,1,1
BRDA:36,2,0,1
BRDA:36,2,1,1
BRDA:47,3,0,2
BRDA:47,3,1,0
BRDA:47,4,0,2
BRDA:47,4,1,2
BRDA:50,5,0,1
BRDA:50,5,1,1
BRDA:65,6,0,1
BRDA:65,6,1,0
BRDA:76,7,0,1
BRDA:76,7,1,1
BRDA:76,8,0,2
BRDA:76,8,1,1
BRDA:79,9,0,1
BRDA:79,9,1,0
BRDA:95,10,0,1
BRDA:95,10,1,1
BRF:21
BRH:17
end_of_record
TN:
SF:src\services\discountService.js
FN:4,(anonymous_0)
FN:15,(anonymous_1)
FN:27,(anonymous_2)
FN:99,(anonymous_3)
FN:181,(anonymous_4)
FN:187,(anonymous_5)
FN:203,(anonymous_6)
FN:219,(anonymous_7)
FNF:8
FNH:8
FNDA:1,(anonymous_0)
FNDA:2,(anonymous_1)
FNDA:3,(anonymous_2)
FNDA:3,(anonymous_3)
FNDA:1,(anonymous_4)
FNDA:1,(anonymous_5)
FNDA:1,(anonymous_6)
FNDA:1,(anonymous_7)
DA:5,1
DA:12,1
DA:16,2
DA:20,2
DA:21,1
DA:24,1
DA:40,3
DA:43,3
DA:44,0
DA:47,3
DA:48,1
DA:51,2
DA:52,0
DA:55,2
DA:56,0
DA:59,2
DA:60,0
DA:63,2
DA:64,0
DA:67,2
DA:68,0
DA:72,2
DA:76,2
DA:77,1
DA:80,1
DA:96,1
DA:112,3
DA:115,3
DA:119,3
DA:120,1
DA:124,2
DA:125,0
DA:128,2
DA:129,1
DA:130,0
DA:133,1
DA:134,1
DA:138,1
DA:139,0
DA:142,1
DA:143,0
DA:147,1
DA:148,1
DA:152,1
DA:153,0
DA:157,1
DA:178,1
DA:182,1
DA:188,1
DA:200,1
DA:204,1
DA:205,1
DA:206,1
DA:208,1
DA:219,1
DA:220,1
DA:222,0
DA:223,0
DA:225,0
DA:228,1
LF:60
LH:46
BRDA:6,0,0,0
BRDA:6,0,1,1
BRDA:20,1,0,1
BRDA:20,1,1,1
BRDA:43,2,0,0
BRDA:43,2,1,3
BRDA:43,3,0,3
BRDA:43,3,1,3
BRDA:47,4,0,1
BRDA:47,4,1,2
BRDA:47,5,0,3
BRDA:47,5,1,2
BRDA:51,6,0,0
BRDA:51,6,1,2
BRDA:55,7,0,0
BRDA:55,7,1,2
BRDA:59,8,0,0
BRDA:59,8,1,2
BRDA:63,9,0,0
BRDA:63,9,1,2
BRDA:67,10,0,0
BRDA:67,10,1,2
BRDA:67,11,0,2
BRDA:67,11,1,2
BRDA:76,12,0,1
BRDA:76,12,1,1
BRDA:83,13,0,1
BRDA:83,13,1,1
BRDA:85,14,0,0
BRDA:85,14,1,1
BRDA:86,15,0,0
BRDA:86,15,1,1
BRDA:90,16,0,1
BRDA:90,16,1,1
BRDA:91,17,0,0
BRDA:91,17,1,1
BRDA:92,18,0,0
BRDA:92,18,1,1
BRDA:119,19,0,1
BRDA:119,19,1,2
BRDA:124,20,0,0
BRDA:124,20,1,2
BRDA:124,21,0,2
BRDA:124,21,1,1
BRDA:128,22,0,1
BRDA:128,22,1,1
BRDA:129,23,0,0
BRDA:129,23,1,1
BRDA:133,24,0,1
BRDA:133,24,1,0
BRDA:138,25,0,0
BRDA:138,25,1,1
BRDA:138,26,0,1
BRDA:138,26,1,0
BRDA:138,26,2,0
BRDA:142,27,0,0
BRDA:142,27,1,1
BRDA:142,28,0,1
BRDA:142,28,1,0
BRDA:147,29,0,1
BRDA:147,29,1,0
BRDA:147,30,0,1
BRDA:147,30,1,1
BRDA:152,31,0,0
BRDA:152,31,1,1
BRDA:152,32,0,1
BRDA:152,32,1,0
BRDA:160,33,0,1
BRDA:160,33,1,0
BRDA:161,34,0,0
BRDA:161,34,1,1
BRDA:162,35,0,0
BRDA:162,35,1,1
BRDA:163,36,0,0
BRDA:163,36,1,1
BRDA:164,37,0,0
BRDA:164,37,1,0
BRDA:166,38,0,0
BRDA:166,38,1,1
BRDA:167,39,0,0
BRDA:167,39,1,0
BRDA:169,40,0,0
BRDA:169,40,1,1
BRDA:170,41,0,0
BRDA:170,41,1,1
BRDA:171,42,0,0
BRDA:171,42,1,1
BRDA:172,43,0,0
BRDA:172,43,1,1
BRDA:173,44,0,0
BRDA:173,44,1,1
BRDA:174,45,0,0
BRDA:174,45,1,1
BRDA:204,46,0,0
BRDA:204,46,1,1
BRDA:205,47,0,1
BRDA:205,47,1,1
BRDA:206,48,0,1
BRDA:206,48,1,1
BRDA:220,49,0,1
BRDA:220,49,1,0
BRDA:223,50,0,0
BRDA:223,50,1,0
BRDA:225,51,0,0
BRDA:225,51,1,0
BRF:105
BRH:62
end_of_record
TN:
SF:src\services\floorService.js
FN:4,(anonymous_0)
FN:15,(anonymous_1)
FN:35,(anonymous_2)
FN:51,(anonymous_3)
FN:67,(anonymous_4)
FNF:5
FNH:5
FNDA:1,(anonymous_0)
FNDA:2,(anonymous_1)
FNDA:1,(anonymous_2)
FNDA:1,(anonymous_3)
FNDA:1,(anonymous_4)
DA:5,1
DA:12,1
DA:16,2
DA:28,2
DA:29,1
DA:32,1
DA:36,1
DA:38,1
DA:48,1
DA:52,1
DA:54,1
DA:64,1
DA:68,1
LF:13
LH:13
BRDA:6,0,0,0
BRDA:6,0,1,1
BRDA:28,1,0,1
BRDA:28,1,1,1
BRF:4
BRH:3
end_of_record
TN:
SF:src\services\inventoryService.js
FN:4,(anonymous_0)
FN:26,(anonymous_1)
FN:40,(anonymous_2)
FN:58,(anonymous_3)
FN:76,(anonymous_4)
FN:97,(anonymous_5)
FN:149,(anonymous_6)
FN:211,(anonymous_7)
FN:253,(anonymous_8)
FN:299,(anonymous_9)
FN:308,(anonymous_10)
FN:318,(anonymous_11)
FN:319,(anonymous_12)
FN:326,(anonymous_13)
FNF:14
FNH:14
FNDA:1,(anonymous_0)
FNDA:1,(anonymous_1)
FNDA:1,(anonymous_2)
FNDA:1,(anonymous_3)
FNDA:2,(anonymous_4)
FNDA:2,(anonymous_5)
FNDA:2,(anonymous_6)
FNDA:2,(anonymous_7)
FNDA:2,(anonymous_8)
FNDA:2,(anonymous_9)
FNDA:1,(anonymous_10)
FNDA:1,(anonymous_11)
FNDA:1,(anonymous_12)
FNDA:1,(anonymous_13)
DA:5,1
DA:6,1
DA:7,1
DA:9,1
DA:23,1
DA:27,1
DA:37,1
DA:41,1
DA:55,1
DA:59,1
DA:73,1
DA:77,2
DA:90,2
DA:91,1
DA:94,1
DA:98,2
DA:100,2
DA:101,0
DA:104,2
DA:105,2
DA:106,1
DA:109,1
DA:110,1
DA:111,0
DA:114,1
DA:115,1
DA:116,0
DA:118,1
DA:119,0
DA:122,1
DA:123,0
DA:124,0
DA:125,0
DA:129,1
DA:146,1
DA:150,2
DA:152,2
DA:153,2
DA:154,1
DA:157,1
DA:158,0
DA:159,0
DA:160,0
DA:164,1
DA:165,1
DA:166,1
DA:167,0
DA:169,1
DA:172,1
DA:173,1
DA:174,0
DA:175,0
DA:177,0
DA:178,0
DA:180,0
DA:183,1
DA:184,0
DA:185,0
DA:186,0
DA:190,1
DA:208,1
DA:212,2
DA:213,2
DA:214,1
DA:217,1
DA:219,1
DA:220,1
DA:221,0
DA:223,1
DA:224,1
DA:227,1
DA:228,0
DA:229,0
DA:231,0
DA:232,0
DA:233,0
DA:235,0
DA:238,1
DA:250,1
DA:254,2
DA:255,2
DA:256,1
DA:259,1
DA:260,1
DA:261,1
DA:262,0
DA:266,1
DA:267,0
DA:271,1
DA:276,1
DA:277,1
DA:280,0
DA:281,0
DA:284,1
DA:296,1
DA:300,2
DA:301,2
DA:302,1
DA:305,1
DA:309,1
DA:310,1
DA:315,1
DA:316,1
DA:318,1
DA:319,1
DA:321,1
DA:326,1
LF:107
LH:77
BRDA:6,0,0,0
BRDA:6,0,1,1
BRDA:7,1,0,0
BRDA:7,1,1,1
BRDA:90,2,0,1
BRDA:90,2,1,1
BRDA:100,3,0,0
BRDA:100,3,1,2
BRDA:105,4,0,1
BRDA:105,4,1,1
BRDA:109,5,0,1
BRDA:109,5,1,0
BRDA:110,6,0,0
BRDA:110,6,1,1
BRDA:114,7,0,1
BRDA:114,7,1,1
BRDA:115,8,0,0
BRDA:115,8,1,1
BRDA:118,9,0,0
BRDA:118,9,1,1
BRDA:122,10,0,0
BRDA:122,10,1,1
BRDA:124,11,0,0
BRDA:124,11,1,0
BRDA:131,12,0,1
BRDA:131,12,1,1
BRDA:133,13,0,1
BRDA:133,13,1,1
BRDA:153,14,0,1
BRDA:153,14,1,1
BRDA:157,15,0,0
BRDA:157,15,1,1
BRDA:159,16,0,0
BRDA:159,16,1,0
BRDA:165,17,0,1
BRDA:165,17,1,0
BRDA:166,18,0,0
BRDA:166,18,1,1
BRDA:173,19,0,0
BRDA:173,19,1,1
BRDA:174,20,0,0
BRDA:174,20,1,0
BRDA:177,21,0,0
BRDA:177,21,1,0
BRDA:183,22,0,0
BRDA:183,22,1,1
BRDA:183,23,0,1
BRDA:183,23,1,0
BRDA:185,24,0,0
BRDA:185,24,1,0
BRDA:193,25,0,1
BRDA:193,25,1,0
BRDA:193,26,0,0
BRDA:193,26,1,0
BRDA:194,27,0,1
BRDA:194,27,1,0
BRDA:195,28,0,1
BRDA:195,28,1,0
BRDA:195,29,0,0
BRDA:195,29,1,0
BRDA:213,30,0,1
BRDA:213,30,1,1
BRDA:219,31,0,1
BRDA:219,31,1,0
BRDA:220,32,0,0
BRDA:220,32,1,1
BRDA:224,33,0,0
BRDA:224,33,1,1
BRDA:227,34,0,0
BRDA:227,34,1,1
BRDA:228,35,0,0
BRDA:228,35,1,0
BRDA:231,36,0,0
BRDA:231,36,1,0
BRDA:232,37,0,0
BRDA:232,37,1,0
BRDA:255,38,0,1
BRDA:255,38,1,1
BRDA:259,39,0,1
BRDA:259,39,1,0
BRDA:261,40,0,0
BRDA:261,40,1,1
BRDA:266,41,0,0
BRDA:266,41,1,1
BRDA:272,42,0,1
BRDA:272,42,1,0
BRDA:276,43,0,1
BRDA:276,43,1,0
BRDA:276,44,0,1
BRDA:276,44,1,1
BRDA:280,45,0,0
BRDA:280,45,1,0
BRDA:280,46,0,0
BRDA:280,46,1,0
BRDA:301,47,0,1
BRDA:301,47,1,1
BRDA:318,48,0,1
BRDA:318,48,1,0
BRDA:319,49,0,1
BRDA:319,49,1,0
BRDA:330,50,0,1
BRDA:330,50,1,0
BRDA:330,51,0,1
BRDA:330,51,1,0
BRF:104
BRH:50
end_of_record
TN:
SF:src\services\landmarkService.js
FN:4,(anonymous_0)
FN:11,(anonymous_1)
FN:23,(anonymous_2)
FN:40,(anonymous_3)
FN:57,(anonymous_4)
FNF:5
FNH:5
FNDA:1,(anonymous_0)
FNDA:2,(anonymous_1)
FNDA:1,(anonymous_2)
FNDA:1,(anonymous_3)
FNDA:1,(anonymous_4)
DA:5,1
DA:8,1
DA:12,2
DA:16,2
DA:17,1
DA:20,1
DA:24,1
DA:26,1
DA:37,1
DA:41,1
DA:43,1
DA:54,1
DA:58,1
LF:13
LH:13
BRDA:6,0,0,0
BRDA:6,0,1,1
BRDA:16,1,0,1
BRDA:16,1,1,1
BRF:4
BRH:3
end_of_record
TN:
SF:src\services\profileService.js
FN:5,(anonymous_0)
FN:25,(anonymous_1)
FN:58,(anonymous_2)
FNF:3
FNH:3
FNDA:2,(anonymous_0)
FNDA:2,(anonymous_1)
FNDA:3,(anonymous_2)
DA:6,2
DA:18,2
DA:19,1
DA:22,1
DA:26,2
DA:29,2
DA:33,2
DA:34,1
DA:38,1
DA:55,1
DA:60,3
DA:64,3
DA:65,1
DA:69,2
DA:70,2
DA:71,1
DA:75,1
DA:78,1
DA:83,1
LF:19
LH:19
BRDA:18,0,0,1
BRDA:18,0,1,1
BRDA:33,1,0,1
BRDA:33,1,1,1
BRDA:41,2,0,1
BRDA:41,2,1,0
BRDA:42,3,0,1
BRDA:42,3,1,1
BRDA:43,4,0,1
BRDA:43,4,1,1
BRDA:64,5,0,1
BRDA:64,5,1,2
BRDA:70,6,0,1
BRDA:70,6,1,1
BRF:14
BRH:13
end_of_record
TN:
SF:src\services\userService.js
FN:5,(anonymous_0)
FN:20,(anonymous_1)
FN:36,(anonymous_2)
FN:52,(anonymous_3)
FN:99,(anonymous_4)
FN:150,(anonymous_5)
FNF:6
FNH:6
FNDA:1,(anonymous_0)
FNDA:1,(anonymous_1)
FNDA:1,(anonymous_2)
FNDA:3,(anonymous_3)
FNDA:3,(anonymous_4)
FNDA:3,(anonymous_5)
DA:6,1
DA:17,1
DA:21,1
DA:33,1
DA:37,1
DA:49,1
DA:54,3
DA:55,0
DA:59,3
DA:60,3
DA:61,1
DA:65,2
DA:69,2
DA:70,1
DA:74,1
DA:77,1
DA:96,1
DA:101,3
DA:105,3
DA:106,1
DA:110,2
DA:111,2
DA:114,2
DA:115,1
DA:120,1
DA:121,0
DA:122,0
DA:123,0
DA:128,1
DA:147,1
DA:152,3
DA:156,3
DA:157,1
DA:161,2
DA:162,1
DA:165,1
LF:36
LH:32
BRDA:54,0,0,0
BRDA:54,0,1,3
BRDA:54,1,0,3
BRDA:54,1,1,3
BRDA:54,1,2,3
BRDA:54,1,3,3
BRDA:54,1,4,3
BRDA:60,2,0,1
BRDA:60,2,1,2
BRDA:69,3,0,1
BRDA:69,3,1,1
BRDA:83,4,0,1
BRDA:83,4,1,0
BRDA:105,5,0,1
BRDA:105,5,1,2
BRDA:110,6,0,2
BRDA:110,6,1,0
BRDA:110,7,0,2
BRDA:110,7,1,2
BRDA:114,8,0,1
BRDA:114,8,1,1
BRDA:120,9,0,0
BRDA:120,9,1,1
BRDA:122,10,0,0
BRDA:122,10,1,0
BRDA:131,11,0,1
BRDA:131,11,1,0
BRDA:132,12,0,1
BRDA:132,12,1,1
BRDA:133,13,0,1
BRDA:133,13,1,1
BRDA:134,14,0,0
BRDA:134,14,1,1
BRDA:135,15,0,1
BRDA:135,15,1,1
BRDA:156,16,0,1
BRDA:156,16,1,2
BRDA:161,17,0,1
BRDA:161,17,1,1
BRF:39
BRH:31
end_of_record
TN:
SF:src\services\workstationService.js
FN:4,(anonymous_0)
FN:19,(anonymous_1)
FN:39,(anonymous_2)
FN:119,(anonymous_3)
FN:212,(anonymous_4)
FN:223,(anonymous_5)
FN:242,(anonymous_6)
FN:278,(anonymous_7)
FN:287,(anonymous_8)
FNF:9
FNH:8
FNDA:1,(anonymous_0)
FNDA:2,(anonymous_1)
FNDA:3,(anonymous_2)
FNDA:3,(anonymous_3)
FNDA:1,(anonymous_4)
FNDA:1,(anonymous_5)
FNDA:2,(anonymous_6)
FNDA:1,(anonymous_7)
FNDA:0,(anonymous_8)
DA:5,1
DA:16,1
DA:20,2
DA:32,2
DA:33,1
DA:36,1
DA:53,3
DA:56,3
DA:63,3
DA:64,1
DA:68,2
DA:70,2
DA:72,2
DA:73,1
DA:75,1
DA:81,0
DA:83,0
DA:84,0
DA:86,0
DA:94,1
DA:116,1
DA:132,3
DA:135,3
DA:142,3
DA:143,1
DA:147,2
DA:148,2
DA:155,2
DA:156,1
DA:161,1
DA:163,1
DA:165,0
DA:166,0
DA:168,0
DA:174,1
DA:176,0
DA:177,0
DA:179,0
DA:187,1
DA:209,1
DA:214,1
DA:218,1
DA:224,1
DA:239,1
DA:243,2
DA:260,2
DA:261,1
DA:264,1
DA:266,1
DA:280,1
DA:285,1
DA:286,0
DA:287,0
DA:294,1
DA:301,1
LF:55
LH:43
BRDA:6,0,0,0
BRDA:6,0,1,1
BRDA:32,1,0,1
BRDA:32,1,1,1
BRDA:63,2,0,1
BRDA:63,2,1,2
BRDA:70,3,0,2
BRDA:70,3,1,0
BRDA:70,4,0,2
BRDA:70,4,1,0
BRDA:72,5,0,1
BRDA:72,5,1,1
BRDA:72,6,0,2
BRDA:72,6,1,1
BRDA:72,6,2,1
BRDA:81,7,0,0
BRDA:81,7,1,0
BRDA:81,8,0,0
BRDA:81,8,1,0
BRDA:83,9,0,0
BRDA:83,9,1,0
BRDA:103,10,0,1
BRDA:103,10,1,1
BRDA:104,11,0,1
BRDA:104,11,1,1
BRDA:142,12,0,1
BRDA:142,12,1,2
BRDA:147,13,0,2
BRDA:147,13,1,0
BRDA:147,14,0,2
BRDA:147,14,1,2
BRDA:155,15,0,1
BRDA:155,15,1,1
BRDA:155,16,0,2
BRDA:155,16,1,1
BRDA:163,17,0,0
BRDA:163,17,1,1
BRDA:163,18,0,1
BRDA:163,18,1,1
BRDA:165,19,0,0
BRDA:165,19,1,0
BRDA:165,20,0,0
BRDA:165,20,1,0
BRDA:165,20,2,0
BRDA:174,21,0,0
BRDA:174,21,1,1
BRDA:174,22,0,1
BRDA:174,22,1,1
BRDA:176,23,0,0
BRDA:176,23,1,0
BRDA:196,24,0,1
BRDA:196,24,1,1
BRDA:197,25,0,1
BRDA:197,25,1,1
BRDA:250,26,0,2
BRDA:250,26,1,2
BRDA:253,27,0,2
BRDA:253,27,1,2
BRDA:260,28,0,1
BRDA:260,28,1,1
BRDA:285,29,0,0
BRDA:285,29,1,1
BRDA:285,30,0,1
BRDA:285,30,1,1
BRF:64
BRH:44
end_of_record
